<?xml version="1.0" encoding="UTF-8"?>
<!-- Generated by org.testng.reporters.JUnitXMLReporter -->
<testsuite ignored="0" hostname="AlexPC" failures="0" tests="9" name="Command line test" time="5.205" errors="0" timestamp="2022-07-12T08:19:28 BRT">
  <testcase classname="myTest" name="listPublicGists" time="1.577"/>
  <testcase classname="myTest" name="getGistListForSpecificUser" time="0.22"/>
  <testcase classname="myTest" name="createNewGist" time="1.063"/>
  <testcase classname="myTest" name="updateGist" time="0.607"/>
  <testcase classname="myTest" name="deleteGist" time="0.383"/>
  <testcase classname="myTest" name="checkGistIsDeleted" time="0.219"/>
  <testcase classname="myTest" name="starAPublicGist" time="0.333"/>
  <testcase classname="myTest" name="unstarAPublicGist" time="0.312"/>
  <testcase classname="myTest" name="listStarredGists" time="0.222"/>
</testsuite> <!-- Command line test -->
