<?xml version="1.0" encoding="UTF-8"?>
<!-- Generated by org.testng.reporters.JUnitXMLReporter -->
<testsuite ignored="0" hostname="AlexPC" failures="0" tests="9" name="Command line test" time="5.623" errors="0" timestamp="2022-07-11T15:01:40 BRT">
  <testcase classname="myTest" name="listPublicGists" time="1.803"/>
  <testcase classname="myTest" name="getGistListForSpecificUser" time="0.614"/>
  <testcase classname="myTest" name="createNewGist" time="0.974"/>
  <testcase classname="myTest" name="UpdateGist" time="0.534"/>
  <testcase classname="myTest" name="DeleteGist" time="0.424"/>
  <testcase classname="myTest" name="CheckGistIsDeleted" time="0.205"/>
  <testcase classname="myTest" name="StarAPublicGist" time="0.299"/>
  <testcase classname="myTest" name="UnstarAPublicGist" time="0.304"/>
  <testcase classname="myTest" name="ListStarredGists" time="0.202"/>
</testsuite> <!-- Command line test -->
