<?xml version="1.0" encoding="UTF-8"?>
<!-- Generated by org.testng.reporters.JUnitXMLReporter -->
<testsuite ignored="0" hostname="AlexPC" failures="0" tests="9" name="Test" time="5.349" errors="0" timestamp="2022-07-13T16:10:58 BRT">
  <testcase classname="myTest" name="listPublicGists" time="1.508"/>
  <testcase classname="myTest" name="getGistListForSpecificUser" time="0.235"/>
  <testcase classname="myTest" name="createNewGist" time="1.252"/>
  <testcase classname="myTest" name="updateGist" time="0.594"/>
  <testcase classname="myTest" name="deleteGist" time="0.381"/>
  <testcase classname="myTest" name="checkGistIsDeleted" time="0.215"/>
  <testcase classname="myTest" name="starAPublicGist" time="0.345"/>
  <testcase classname="myTest" name="unstarAPublicGist" time="0.284"/>
  <testcase classname="myTest" name="listStarredGists" time="0.223"/>
</testsuite> <!-- Test -->
