<?xml version="1.0" encoding="UTF-8"?>
<!-- Generated by org.testng.reporters.JUnitXMLReporter -->
<testsuite ignored="0" hostname="AlexPC" failures="0" tests="9" name="Test" time="5.253" errors="0" timestamp="2022-07-13T16:50:18 BRT">
  <testcase classname="myTest" name="listPublicGists" time="1.621"/>
  <testcase classname="myTest" name="getGistListForSpecificUser" time="0.229"/>
  <testcase classname="myTest" name="createNewGist" time="1.122"/>
  <testcase classname="myTest" name="updateGist" time="0.535"/>
  <testcase classname="myTest" name="deleteGist" time="0.403"/>
  <testcase classname="myTest" name="checkGistIsDeleted" time="0.216"/>
  <testcase classname="myTest" name="starAPublicGist" time="0.324"/>
  <testcase classname="myTest" name="unstarAPublicGist" time="0.337"/>
  <testcase classname="myTest" name="listStarredGists" time="0.219"/>
</testsuite> <!-- Test -->
