<?xml version="1.0" encoding="UTF-8"?>
<testsuite xmlns:xsi="http://www.w3.org/2001/XMLSchema-instance" xsi:noNamespaceSchemaLocation="https://maven.apache.org/surefire/maven-surefire-plugin/xsd/surefire-test-report-3.0.xsd" version="3.0" name="TestSuite" time="5.752" tests="9" errors="0" skipped="0" failures="0">
  <properties>
[...]
</properties>
  <testcase name="listPublicGists" classname="myTest" time="1.508">
    <system-out><![CDATA[[{"url":"https://api.github.com/gists/43038a8faa1b234bc7c67b12b72b1014","forks_url":"https://api.github.com/gists/43038a8faa1b234bc7c67b12b72b1014/forks","commits_url":"https://api.github.com/gists/43038a8faa1b234bc7c67b12b72b1014/commits","id":"43038a8faa1b234bc7c67b12b72b1014","node_id":"G_kwDOAG70xNoAIDQzMDM4YThmYWExYjIzNGJjN2M2N2IxMmI3MmIxMDE0","git_pull_url":"https://gist.github.com/43038a8faa1b234bc7c67b12b72b1014.git","git_push_url":"https://gist.github.com/43038a8faa1b234bc7c67b12b72b1014.git","html_url":"https://gist.github.com/43038a8faa1b234bc7c67b12b72b1014","files":{"html":{"filename":"html","type":"text/plain","language":null,"raw_url":"https://gist.githubusercontent.com/raulmacias-dev/43038a8faa1b234bc7c67b12b72b1014/raw/32b9cf00ed3531bc53046c7b26324f468ccd9031/html","size":5094}},"public":true,"created_at":"2022-07-13T19:10:07Z","updated_at":"2022-07-13T19:10:07Z","description":"Politica Privacidad","comments":0,"user":null,"comments_url":"https://api.github.com/gists/43038a8faa1b234bc7c67b12b72b1014/comments","owner":{"login":"raulmacias-dev","id":7271620,"node_id":"MDQ6VXNlcjcyNzE2MjA=","avatar_url":"https://avatars.githubusercontent.com/u/7271620?v=4","gravatar_id":"","url":"https://api.github.com/users/raulmacias-dev","html_url":"https://github.com/raulmacias-dev","followers_url":"https://api.github.com/users/raulmacias-dev/followers","following_url":"https://api.github.com/users/raulmacias-dev/following{/other_user}","gists_url":"https://api.github.com/users/raulmacias-dev/gists{/gist_id}","starred_url":"https://api.github.com/users/raulmacias-dev/starred{/owner}{/repo}","subscriptions_url":"https://api.github.com/users/raulmacias-dev/subscriptions","organizations_url":"https://api.github.com/users/raulmacias-dev/orgs","repos_url":"https://api.github.com/users/raulmacias-dev/repos","events_url":"https://api.github.com/users/raulmacias-dev/events{/privacy}","received_events_url":"https://api.github.com/users/raulmacias-dev/received_events","type":"User","site_admin":false},"truncated":false},{"url":"https://api.github.com/gists/f2ab13c9da3ffd0701b5138d3616c328","forks_url":"https://api.github.com/gists/f2ab13c9da3ffd0701b5138d3616c328/forks","commits_url":"https://api.github.com/gists/f2ab13c9da3ffd0701b5138d3616c328/commits","id":"f2ab13c9da3ffd0701b5138d3616c328","node_id":"G_kwDOBOgVw9oAIGYyYWIxM2M5ZGEzZmZkMDcwMWI1MTM4ZDM2MTZjMzI4","git_pull_url":"https://gist.github.com/f2ab13c9da3ffd0701b5138d3616c328.git","git_push_url":"https://gist.github.com/f2ab13c9da3ffd0701b5138d3616c328.git","html_url":"https://gist.github.com/f2ab13c9da3ffd0701b5138d3616c328","files":{"index.html":{"filename":"index.html","type":"text/html","language":"HTML","raw_url":"https://gist.githubusercontent.com/bickey19/f2ab13c9da3ffd0701b5138d3616c328/raw/7d7d664d6648e51a73e3627be15f4848eed62bc1/index.html","size":896},"jquery-datatables-with-vue-js.markdown":{"filename":"jquery-datatables-with-vue-js.markdown","type":"text/markdown","language":"Markdown","raw_url":"https://gist.githubusercontent.com/bickey19/f2ab13c9da3ffd0701b5138d3616c328/raw/513bd63fc295198897bf32180fe2e85a66f614f9/jquery-datatables-with-vue-js.markdown","size":260},"script.js":{"filename":"script.js","type":"application/javascript","language":"JavaScript","raw_url":"https://gist.githubusercontent.com/bickey19/f2ab13c9da3ffd0701b5138d3616c328/raw/bd0f60c9d5ebf3e449c9d9c8cbc39eb02e2b6050/script.js","size":831},"scripts":{"filename":"scripts","type":"text/plain","language":null,"raw_url":"https://gist.githubusercontent.com/bickey19/f2ab13c9da3ffd0701b5138d3616c328/raw/1a6b046b04971a95901ef139d4212e59e0ffa544/scripts","size":285},"styles":{"filename":"styles","type":"text/plain","language":null,"raw_url":"https://gist.githubusercontent.com/bickey19/f2ab13c9da3ffd0701b5138d3616c328/raw/2a655a479533c2f2f27bc68546d68d4e485d8bfa/styles","size":210}},"public":true,"created_at":"2022-07-13T19:09:48Z","updated_at":"2022-07-13T19:09:48Z","description":"Jquery DataTables with Vue.js","comments":0,"user":null,"comments_url":"https://api.github.com/gists/f2ab13c9da3ffd0701b5138d3616c328/comments","owner":{"login":"bickey19","id":82318787,"node_id":"MDQ6VXNlcjgyMzE4Nzg3","avatar_url":"https://avatars.githubusercontent.com/u/82318787?v=4","gravatar_id":"","url":"https://api.github.com/users/bickey19","html_url":"https://github.com/bickey19","followers_url":"https://api.github.com/users/bickey19/followers","following_url":"https://api.github.com/users/bickey19/following{/other_user}","gists_url":"https://api.github.com/users/bickey19/gists{/gist_id}","starred_url":"https://api.github.com/users/bickey19/starred{/owner}{/repo}","subscriptions_url":"https://api.github.com/users/bickey19/subscriptions","organizations_url":"https://api.github.com/users/bickey19/orgs","repos_url":"https://api.github.com/users/bickey19/repos","events_url":"https://api.github.com/users/bickey19/events{/privacy}","received_events_url":"https://api.github.com/users/bickey19/received_events","type":"User","site_admin":false},"truncated":false},{"url":"https://api.github.com/gists/bfdb5e887b0392298a6e2a0fbf1c8374","forks_url":"https://api.github.com/gists/bfdb5e887b0392298a6e2a0fbf1c8374/forks","commits_url":"https://api.github.com/gists/bfdb5e887b0392298a6e2a0fbf1c8374/commits","id":"bfdb5e887b0392298a6e2a0fbf1c8374","node_id":"G_kwDOARWVM9oAIGJmZGI1ZTg4N2IwMzkyMjk4YTZlMmEwZmJmMWM4Mzc0","git_pull_url":"https://gist.github.com/bfdb5e887b0392298a6e2a0fbf1c8374.git","git_push_url":"https://gist.github.com/bfdb5e887b0392298a6e2a0fbf1c8374.git","html_url":"https://gist.github.com/bfdb5e887b0392298a6e2a0fbf1c8374","files":{"check_euclidean_scipy":{"filename":"check_euclidean_scipy","type":"text/plain","language":null,"raw_url":"https://gist.githubusercontent.com/ldevyataykina/bfdb5e887b0392298a6e2a0fbf1c8374/raw/6a746adae855c7b513799fda100eeb3513c79193/check_euclidean_scipy","size":123}},"public":true,"created_at":"2022-07-13T19:09:35Z","updated_at":"2022-07-13T19:09:35Z","description":"","comments":0,"user":null,"comments_url":"https://api.github.com/gists/bfdb5e887b0392298a6e2a0fbf1c8374/comments","owner":{"login":"ldevyataykina","id":18191667,"node_id":"MDQ6VXNlcjE4MTkxNjY3","avatar_url":"https://avatars.githubusercontent.com/u/18191667?v=4","gravatar_id":"","url":"https://api.github.com/users/ldevyataykina","html_url":"https://github.com/ldevyataykina","followers_url":"https://api.github.com/users/ldevyataykina/followers","following_url":"https://api.github.com/users/ldevyataykina/following{/other_user}","gists_url":"https://api.github.com/users/ldevyataykina/gists{/gist_id}","starred_url":"https://api.github.com/users/ldevyataykina/starred{/owner}{/repo}","subscriptions_url":"https://api.github.com/users/ldevyataykina/subscriptions","organizations_url":"https://api.github.com/users/ldevyataykina/orgs","repos_url":"https://api.github.com/users/ldevyataykina/repos","events_url":"https://api.github.com/users/ldevyataykina/events{/privacy}","received_events_url":"https://api.github.com/users/ldevyataykina/received_events","type":"User","site_admin":false},"truncated":false},{"url":"https://api.github.com/gists/5a40c0f64712faaf1db1915c20d8d5e4","forks_url":"https://api.github.com/gists/5a40c0f64712faaf1db1915c20d8d5e4/forks","commits_url":"https://api.github.com/gists/5a40c0f64712faaf1db1915c20d8d5e4/commits","id":"5a40c0f64712faaf1db1915c20d8d5e4","node_id":"G_kwDOA520UNoAIDVhNDBjMGY2NDcxMmZhYWYxZGIxOTE1YzIwZDhkNWU0","git_pull_url":"https://gist.github.com/5a40c0f64712faaf1db1915c20d8d5e4.git","git_push_url":"https://gist.github.com/5a40c0f64712faaf1db1915c20d8d5e4.git","html_url":"https://gist.github.com/5a40c0f64712faaf1db1915c20d8d5e4","files":{"ee.py":{"filename":"ee.py","type":"application/x-python","language":"Python","raw_url":"https://gist.githubusercontent.com/npalladino100/5a40c0f64712faaf1db1915c20d8d5e4/raw/6132d8062e0edd99c41980d1a5cf42b15cfb1c1f/ee.py","size":19}},"public":true,"created_at":"2022-07-13T19:09:17Z","updated_at":"2022-07-13T19:09:17Z","description":"ee","comments":0,"user":null,"comments_url":"https://api.github.com/gists/5a40c0f64712faaf1db1915c20d8d5e4/comments","owner":{"login":"npalladino100","id":60666960,"node_id":"MDQ6VXNlcjYwNjY2OTYw","avatar_url":"https://avatars.githubusercontent.com/u/60666960?v=4","gravatar_id":"","url":"https://api.github.com/users/npalladino100","html_url":"https://github.com/npalladino100","followers_url":"https://api.github.com/users/npalladino100/followers","following_url":"https://api.github.com/users/npalladino100/following{/other_user}","gists_url":"https://api.github.com/users/npalladino100/gists{/gist_id}","starred_url":"https://api.github.com/users/npalladino100/starred{/owner}{/repo}","subscriptions_url":"https://api.github.com/users/npalladino100/subscriptions","organizations_url":"https://api.github.com/users/npalladino100/orgs","repos_url":"https://api.github.com/users/npalladino100/repos","events_url":"https://api.github.com/users/npalladino100/events{/privacy}","received_events_url":"https://api.github.com/users/npalladino100/received_events","type":"User","site_admin":false},"truncated":false},{"url":"https://api.github.com/gists/adb4728d668cfc2c71651c78a86b5a7e","forks_url":"https://api.github.com/gists/adb4728d668cfc2c71651c78a86b5a7e/forks","commits_url":"https://api.github.com/gists/adb4728d668cfc2c71651c78a86b5a7e/commits","id":"adb4728d668cfc2c71651c78a86b5a7e","node_id":"G_kwDOBaljLNoAIGFkYjQ3MjhkNjY4Y2ZjMmM3MTY1MWM3OGE4NmI1YTdl","git_pull_url":"https://gist.github.com/adb4728d668cfc2c71651c78a86b5a7e.git","git_push_url":"https://gist.github.com/adb4728d668cfc2c71651c78a86b5a7e.git","html_url":"https://gist.github.com/adb4728d668cfc2c71651c78a86b5a7e","files":{"Assignment-14 Decision Tree.ipynb":{"filename":"Assignment-14 Decision Tree.ipynb","type":"text/plain","language":"Jupyter Notebook","raw_url":"https://gist.githubusercontent.com/harshiis/adb4728d668cfc2c71651c78a86b5a7e/raw/0a25defabd7556eb35df5807ab0fc94a8e19b18c/Assignment-14%20Decision%20Tree.ipynb","size":35889}},"public":true,"created_at":"2022-07-13T19:09:05Z","updated_at":"2022-07-13T19:09:05Z","description":"Assignment-14 Decision Tree.ipynb","comments":0,"user":null,"comments_url":"https://api.github.com/gists/adb4728d668cfc2c71651c78a86b5a7e/comments","owner":{"login":"harshiis","id":94987052,"node_id":"U_kgDOBaljLA","avatar_url":"https://avatars.githubusercontent.com/u/94987052?v=4","gravatar_id":"","url":"https://api.github.com/users/harshiis","html_url":"https://github.com/harshiis","followers_url":"https://api.github.com/users/harshiis/followers","following_url":"https://api.github.com/users/harshiis/following{/other_user}","gists_url":"https://api.github.com/users/harshiis/gists{/gist_id}","starred_url":"https://api.github.com/users/harshiis/starred{/owner}{/repo}","subscriptions_url":"https://api.github.com/users/harshiis/subscriptions","organizations_url":"https://api.github.com/users/harshiis/orgs","repos_url":"https://api.github.com/users/harshiis/repos","events_url":"https://api.github.com/users/harshiis/events{/privacy}","received_events_url":"https://api.github.com/users/harshiis/received_events","type":"User","site_admin":false},"truncated":false},{"url":"https://api.github.com/gists/ae9d7ab0fb57517c9bbe5893bd351e67","forks_url":"https://api.github.com/gists/ae9d7ab0fb57517c9bbe5893bd351e67/forks","commits_url":"https://api.github.com/gists/ae9d7ab0fb57517c9bbe5893bd351e67/commits","id":"ae9d7ab0fb57517c9bbe5893bd351e67","node_id":"G_kwDOAASJ39oAIGFlOWQ3YWIwZmI1NzUxN2M5YmJlNTg5M2JkMzUxZTY3","git_pull_url":"https://gist.github.com/ae9d7ab0fb57517c9bbe5893bd351e67.git","git_push_url":"https://gist.github.com/ae9d7ab0fb57517c9bbe5893bd351e67.git","html_url":"https://gist.github.com/ae9d7ab0fb57517c9bbe5893bd351e67","files":{"wse.sql":{"filename":"wse.sql","type":"application/x-sql","language":"SQL","raw_url":"https://gist.githubusercontent.com/Shauren/ae9d7ab0fb57517c9bbe5893bd351e67/raw/536e3a05305ce9f420d6e146db6c60eda335190b/wse.sql","size":1431486}},"public":true,"created_at":"2022-07-13T19:08:28Z","updated_at":"2022-07-13T19:08:29Z","description":"9.2.5 WorldStateExpression","comments":0,"user":null,"comments_url":"https://api.github.com/gists/ae9d7ab0fb57517c9bbe5893bd351e67/comments","owner":{"login":"Shauren","id":297439,"node_id":"MDQ6VXNlcjI5NzQzOQ==","avatar_url":"https://avatars.githubusercontent.com/u/297439?v=4","gravatar_id":"","url":"https://api.github.com/users/Shauren","html_url":"https://github.com/Shauren","followers_url":"https://api.github.com/users/Shauren/followers","following_url":"https://api.github.com/users/Shauren/following{/other_user}","gists_url":"https://api.github.com/users/Shauren/gists{/gist_id}","starred_url":"https://api.github.com/users/Shauren/starred{/owner}{/repo}","subscriptions_url":"https://api.github.com/users/Shauren/subscriptions","organizations_url":"https://api.github.com/users/Shauren/orgs","repos_url":"https://api.github.com/users/Shauren/repos","events_url":"https://api.github.com/users/Shauren/events{/privacy}","received_events_url":"https://api.github.com/users/Shauren/received_events","type":"User","site_admin":false},"truncated":false},{"url":"https://api.github.com/gists/f4f7fef19a04923b4401380a05c52ee6","forks_url":"https://api.github.com/gists/f4f7fef19a04923b4401380a05c52ee6/forks","commits_url":"https://api.github.com/gists/f4f7fef19a04923b4401380a05c52ee6/commits","id":"f4f7fef19a04923b4401380a05c52ee6","node_id":"G_kwDOBOgVw9oAIGY0ZjdmZWYxOWEwNDkyM2I0NDAxMzgwYTA1YzUyZWU2","git_pull_url":"https://gist.github.com/f4f7fef19a04923b4401380a05c52ee6.git","git_push_url":"https://gist.github.com/f4f7fef19a04923b4401380a05c52ee6.git","html_url":"https://gist.github.com/f4f7fef19a04923b4401380a05c52ee6","files":{"datatable-example-using-bootstrap-4.markdown":{"filename":"datatable-example-using-bootstrap-4.markdown","type":"text/markdown","language":"Markdown","raw_url":"https://gist.githubusercontent.com/bickey19/f4f7fef19a04923b4401380a05c52ee6/raw/4dbb05e89a691ea96c79668a737ab9eb19097541/datatable-example-using-bootstrap-4.markdown","size":262},"index.html":{"filename":"index.html","type":"text/html","language":"HTML","raw_url":"https://gist.githubusercontent.com/bickey19/f4f7fef19a04923b4401380a05c52ee6/raw/d33fce6b45ea463550c5d8bc3adb3bd95fc1d149/index.html","size":3594},"script.js":{"filename":"script.js","type":"application/javascript","language":"JavaScript","raw_url":"https://gist.githubusercontent.com/bickey19/f4f7fef19a04923b4401380a05c52ee6/raw/1a6cfda9e36fe44f78bbc9e2323835e936d81d80/script.js","size":459},"scripts":{"filename":"scripts","type":"text/plain","language":null,"raw_url":"https://gist.githubusercontent.com/bickey19/f4f7fef19a04923b4401380a05c52ee6/raw/b46463db94112f9eafef521ca663599a650a0c1d/scripts","size":579},"style.css":{"filename":"style.css","type":"text/css","language":"CSS","raw_url":"https://gist.githubusercontent.com/bickey19/f4f7fef19a04923b4401380a05c52ee6/raw/143688e442d5546c3292b20f5126646382608e07/style.css","size":3200},"styles":{"filename":"styles","type":"text/plain","language":null,"raw_url":"https://gist.githubusercontent.com/bickey19/f4f7fef19a04923b4401380a05c52ee6/raw/e4c46679b9fb685d43738a9b05aacdd639a0ec78/styles","size":429}},"public":true,"created_at":"2022-07-13T19:08:15Z","updated_at":"2022-07-13T19:08:15Z","description":"DataTable Example using Bootstrap 4","comments":0,"user":null,"comments_url":"https://api.github.com/gists/f4f7fef19a04923b4401380a05c52ee6/comments","owner":{"login":"bickey19","id":82318787,"node_id":"MDQ6VXNlcjgyMzE4Nzg3","avatar_url":"https://avatars.githubusercontent.com/u/82318787?v=4","gravatar_id":"","url":"https://api.github.com/users/bickey19","html_url":"https://github.com/bickey19","followers_url":"https://api.github.com/users/bickey19/followers","following_url":"https://api.github.com/users/bickey19/following{/other_user}","gists_url":"https://api.github.com/users/bickey19/gists{/gist_id}","starred_url":"https://api.github.com/users/bickey19/starred{/owner}{/repo}","subscriptions_url":"https://api.github.com/users/bickey19/subscriptions","organizations_url":"https://api.github.com/users/bickey19/orgs","repos_url":"https://api.github.com/users/bickey19/repos","events_url":"https://api.github.com/users/bickey19/events{/privacy}","received_events_url":"https://api.github.com/users/bickey19/received_events","type":"User","site_admin":false},"truncated":false},{"url":"https://api.github.com/gists/d9d20dfb09d24ddee7c5654f86fe32f6","forks_url":"https://api.github.com/gists/d9d20dfb09d24ddee7c5654f86fe32f6/forks","commits_url":"https://api.github.com/gists/d9d20dfb09d24ddee7c5654f86fe32f6/commits","id":"d9d20dfb09d24ddee7c5654f86fe32f6","node_id":"G_kwDOAMO6DtoAIGQ5ZDIwZGZiMDlkMjRkZGVlN2M1NjU0Zjg2ZmUzMmY2","git_pull_url":"https://gist.github.com/d9d20dfb09d24ddee7c5654f86fe32f6.git","git_push_url":"https://gist.github.com/d9d20dfb09d24ddee7c5654f86fe32f6.git","html_url":"https://gist.github.com/d9d20dfb09d24ddee7c5654f86fe32f6","files":{"Watch-WinEvent.ps1":{"filename":"Watch-WinEvent.ps1","type":"application/x-msdos-program","language":"PowerShell","raw_url":"https://gist.githubusercontent.com/indented-automation/d9d20dfb09d24ddee7c5654f86fe32f6/raw/1187054314ca193c11046ad3ddee7b44159379c9/Watch-WinEvent.ps1","size":3104}},"public":true,"created_at":"2022-07-13T19:07:38Z","updated_at":"2022-07-13T19:08:19Z","description":"Event log subscriber","comments":0,"user":null,"comments_url":"https://api.github.com/gists/d9d20dfb09d24ddee7c5654f86fe32f6/comments","owner":{"login":"indented-automation","id":12827150,"node_id":"MDQ6VXNlcjEyODI3MTUw","avatar_url":"https://avatars.githubusercontent.com/u/12827150?v=4","gravatar_id":"","url":"https://api.github.com/users/indented-automation","html_url":"https://github.com/indented-automation","followers_url":"https://api.github.com/users/indented-automation/followers","following_url":"https://api.github.com/users/indented-automation/following{/other_user}","gists_url":"https://api.github.com/users/indented-automation/gists{/gist_id}","starred_url":"https://api.github.com/users/indented-automation/starred{/owner}{/repo}","subscriptions_url":"https://api.github.com/users/indented-automation/subscriptions","organizations_url":"https://api.github.com/users/indented-automation/orgs","repos_url":"https://api.github.com/users/indented-automation/repos","events_url":"https://api.github.com/users/indented-automation/events{/privacy}","received_events_url":"https://api.github.com/users/indented-automation/received_events","type":"User","site_admin":false},"truncated":false},{"url":"https://api.github.com/gists/0de7f90177bf21ee17ea5478f0ed1cff","forks_url":"https://api.github.com/gists/0de7f90177bf21ee17ea5478f0ed1cff/forks","commits_url":"https://api.github.com/gists/0de7f90177bf21ee17ea5478f0ed1cff/commits","id":"0de7f90177bf21ee17ea5478f0ed1cff","node_id":"G_kwDOAF-wA9oAIDBkZTdmOTAxNzdiZjIxZWUxN2VhNTQ3OGYwZWQxY2Zm","git_pull_url":"https://gist.github.com/0de7f90177bf21ee17ea5478f0ed1cff.git","git_push_url":"https://gist.github.com/0de7f90177bf21ee17ea5478f0ed1cff.git","html_url":"https://gist.github.com/0de7f90177bf21ee17ea5478f0ed1cff","files":{"FilesSnapshot.xml":{"filename":"FilesSnapshot.xml","type":"application/xml","language":"XML","raw_url":"https://gist.githubusercontent.com/choco-bot/0de7f90177bf21ee17ea5478f0ed1cff/raw/a3b88db32052a591a9507854386640900ec4724d/FilesSnapshot.xml","size":598},"Install.txt":{"filename":"Install.txt","type":"text/plain","language":"Text","raw_url":"https://gist.githubusercontent.com/choco-bot/0de7f90177bf21ee17ea5478f0ed1cff/raw/e42119c8588c761d61fdf1e2844eab22db3235a8/Install.txt","size":38704},"Uninstall.txt":{"filename":"Uninstall.txt","type":"text/plain","language":"Text","raw_url":"https://gist.githubusercontent.com/choco-bot/0de7f90177bf21ee17ea5478f0ed1cff/raw/bbb01d3028f1dd054f508f3b42a0cd6f0cf13bac/Uninstall.txt","size":11115},"_Summary.md":{"filename":"_Summary.md","type":"text/markdown","language":"Markdown","raw_url":"https://gist.githubusercontent.com/choco-bot/0de7f90177bf21ee17ea5478f0ed1cff/raw/0b27e2526e3c5e1b5be057df4658f38473251191/_Summary.md","size":742}},"public":true,"created_at":"2022-07-13T19:07:25Z","updated_at":"2022-07-13T19:07:25Z","description":"money-manager-ex v1.5.16.0 - Passed - Package Tests Results","comments":0,"user":null,"comments_url":"https://api.github.com/gists/0de7f90177bf21ee17ea5478f0ed1cff/comments","owner":{"login":"choco-bot","id":6270979,"node_id":"MDQ6VXNlcjYyNzA5Nzk=","avatar_url":"https://avatars.githubusercontent.com/u/6270979?v=4","gravatar_id":"","url":"https://api.github.com/users/choco-bot","html_url":"https://github.com/choco-bot","followers_url":"https://api.github.com/users/choco-bot/followers","following_url":"https://api.github.com/users/choco-bot/following{/other_user}","gists_url":"https://api.github.com/users/choco-bot/gists{/gist_id}","starred_url":"https://api.github.com/users/choco-bot/starred{/owner}{/repo}","subscriptions_url":"https://api.github.com/users/choco-bot/subscriptions","organizations_url":"https://api.github.com/users/choco-bot/orgs","repos_url":"https://api.github.com/users/choco-bot/repos","events_url":"https://api.github.com/users/choco-bot/events{/privacy}","received_events_url":"https://api.github.com/users/choco-bot/received_events","type":"User","site_admin":false},"truncated":false},{"url":"https://api.github.com/gists/1b6be6341ce99ac2d3a4d68677da648a","forks_url":"https://api.github.com/gists/1b6be6341ce99ac2d3a4d68677da648a/forks","commits_url":"https://api.github.com/gists/1b6be6341ce99ac2d3a4d68677da648a/commits","id":"1b6be6341ce99ac2d3a4d68677da648a","node_id":"G_kwDOAKInE9oAIDFiNmJlNjM0MWNlOTlhYzJkM2E0ZDY4Njc3ZGE2NDhh","git_pull_url":"https://gist.github.com/1b6be6341ce99ac2d3a4d68677da648a.git","git_push_url":"https://gist.github.com/1b6be6341ce99ac2d3a4d68677da648a.git","html_url":"https://gist.github.com/1b6be6341ce99ac2d3a4d68677da648a","files":{"LeetCodeQuestions.md":{"filename":"LeetCodeQuestions.md","type":"text/markdown","language":"Markdown","raw_url":"https://gist.githubusercontent.com/adityamulik/1b6be6341ce99ac2d3a4d68677da648a/raw/bed8d1b660d36bfb9eccd5902d87e80ed810f22a/LeetCodeQuestions.md","size":6899}},"public":true,"created_at":"2022-07-13T19:06:56Z","updated_at":"2022-07-13T19:07:10Z","description":" Curated List of Top 75 LeetCode","comments":0,"user":null,"comments_url":"https://api.github.com/gists/1b6be6341ce99ac2d3a4d68677da648a/comments","owner":{"login":"adityamulik","id":10626835,"node_id":"MDQ6VXNlcjEwNjI2ODM1","avatar_url":"https://avatars.githubusercontent.com/u/10626835?v=4","gravatar_id":"","url":"https://api.github.com/users/adityamulik","html_url":"https://github.com/adityamulik","followers_url":"https://api.github.com/users/adityamulik/followers","following_url":"https://api.github.com/users/adityamulik/following{/other_user}","gists_url":"https://api.github.com/users/adityamulik/gists{/gist_id}","starred_url":"https://api.github.com/users/adityamulik/starred{/owner}{/repo}","subscriptions_url":"https://api.github.com/users/adityamulik/subscriptions","organizations_url":"https://api.github.com/users/adityamulik/orgs","repos_url":"https://api.github.com/users/adityamulik/repos","events_url":"https://api.github.com/users/adityamulik/events{/privacy}","received_events_url":"https://api.github.com/users/adityamulik/received_events","type":"User","site_admin":false},"truncated":false},{"url":"https://api.github.com/gists/09e7fc2c5c597ffa636978929df42ffc","forks_url":"https://api.github.com/gists/09e7fc2c5c597ffa636978929df42ffc/forks","commits_url":"https://api.github.com/gists/09e7fc2c5c597ffa636978929df42ffc/commits","id":"09e7fc2c5c597ffa636978929df42ffc","node_id":"G_kwDOAYRM6toAIDA5ZTdmYzJjNWM1OTdmZmE2MzY5Nzg5MjlkZjQyZmZj","git_pull_url":"https://gist.github.com/09e7fc2c5c597ffa636978929df42ffc.git","git_push_url":"https://gist.github.com/09e7fc2c5c597ffa636978929df42ffc.git","html_url":"https://gist.github.com/09e7fc2c5c597ffa636978929df42ffc","files":{"Potential Maintainers":{"filename":"Potential Maintainers","type":"text/plain","language":null,"raw_url":"https://gist.githubusercontent.com/GrahamcOfBorg/09e7fc2c5c597ffa636978929df42ffc/raw/835fd39c1ce9bd0ebc571df51589d223be85f0d3/Potential%20Maintainers","size":40}},"public":true,"created_at":"2022-07-13T19:06:34Z","updated_at":"2022-07-13T19:06:34Z","description":"","comments":0,"user":null,"comments_url":"https://api.github.com/gists/09e7fc2c5c597ffa636978929df42ffc/comments","owner":{"login":"GrahamcOfBorg","id":25447658,"node_id":"MDQ6VXNlcjI1NDQ3NjU4","avatar_url":"https://avatars.githubusercontent.com/u/25447658?v=4","gravatar_id":"","url":"https://api.github.com/users/GrahamcOfBorg","html_url":"https://github.com/GrahamcOfBorg","followers_url":"https://api.github.com/users/GrahamcOfBorg/followers","following_url":"https://api.github.com/users/GrahamcOfBorg/following{/other_user}","gists_url":"https://api.github.com/users/GrahamcOfBorg/gists{/gist_id}","starred_url":"https://api.github.com/users/GrahamcOfBorg/starred{/owner}{/repo}","subscriptions_url":"https://api.github.com/users/GrahamcOfBorg/subscriptions","organizations_url":"https://api.github.com/users/GrahamcOfBorg/orgs","repos_url":"https://api.github.com/users/GrahamcOfBorg/repos","events_url":"https://api.github.com/users/GrahamcOfBorg/events{/privacy}","received_events_url":"https://api.github.com/users/GrahamcOfBorg/received_events","type":"User","site_admin":false},"truncated":false},{"url":"https://api.github.com/gists/bd2e8d7f7ba00cd608c903176723f13e","forks_url":"https://api.github.com/gists/bd2e8d7f7ba00cd608c903176723f13e/forks","commits_url":"https://api.github.com/gists/bd2e8d7f7ba00cd608c903176723f13e/commits","id":"bd2e8d7f7ba00cd608c903176723f13e","node_id":"G_kwDOAYRM6toAIGJkMmU4ZDdmN2JhMDBjZDYwOGM5MDMxNzY3MjNmMTNl","git_pull_url":"https://gist.github.com/bd2e8d7f7ba00cd608c903176723f13e.git","git_push_url":"https://gist.github.com/bd2e8d7f7ba00cd608c903176723f13e.git","html_url":"https://gist.github.com/bd2e8d7f7ba00cd608c903176723f13e","files":{"Changed Paths":{"filename":"Changed Paths","type":"text/plain","language":null,"raw_url":"https://gist.githubusercontent.com/GrahamcOfBorg/bd2e8d7f7ba00cd608c903176723f13e/raw/ffb904279e039cfe5c910de644a6110bd250c088/Changed%20Paths","size":55}},"public":true,"created_at":"2022-07-13T19:06:32Z","updated_at":"2022-07-13T19:06:33Z","description":"","comments":0,"user":null,"comments_url":"https://api.github.com/gists/bd2e8d7f7ba00cd608c903176723f13e/comments","owner":{"login":"GrahamcOfBorg","id":25447658,"node_id":"MDQ6VXNlcjI1NDQ3NjU4","avatar_url":"https://avatars.githubusercontent.com/u/25447658?v=4","gravatar_id":"","url":"https://api.github.com/users/GrahamcOfBorg","html_url":"https://github.com/GrahamcOfBorg","followers_url":"https://api.github.com/users/GrahamcOfBorg/followers","following_url":"https://api.github.com/users/GrahamcOfBorg/following{/other_user}","gists_url":"https://api.github.com/users/GrahamcOfBorg/gists{/gist_id}","starred_url":"https://api.github.com/users/GrahamcOfBorg/starred{/owner}{/repo}","subscriptions_url":"https://api.github.com/users/GrahamcOfBorg/subscriptions","organizations_url":"https://api.github.com/users/GrahamcOfBorg/orgs","repos_url":"https://api.github.com/users/GrahamcOfBorg/repos","events_url":"https://api.github.com/users/GrahamcOfBorg/events{/privacy}","received_events_url":"https://api.github.com/users/GrahamcOfBorg/received_events","type":"User","site_admin":false},"truncated":false},{"url":"https://api.github.com/gists/b8f96dcab528aa88fb9d57bd5564ab87","forks_url":"https://api.github.com/gists/b8f96dcab528aa88fb9d57bd5564ab87/forks","commits_url":"https://api.github.com/gists/b8f96dcab528aa88fb9d57bd5564ab87/commits","id":"b8f96dcab528aa88fb9d57bd5564ab87","node_id":"G_kwDOADRuftoAIGI4Zjk2ZGNhYjUyOGFhODhmYjlkNTdiZDU1NjRhYjg3","git_pull_url":"https://gist.github.com/b8f96dcab528aa88fb9d57bd5564ab87.git","git_push_url":"https://gist.github.com/b8f96dcab528aa88fb9d57bd5564ab87.git","html_url":"https://gist.github.com/b8f96dcab528aa88fb9d57bd5564ab87","files":{"PSSA.yml":{"filename":"PSSA.yml","type":"text/x-yaml","language":"YAML","raw_url":"https://gist.githubusercontent.com/fflaten/b8f96dcab528aa88fb9d57bd5564ab87/raw/7050a00ec6451011429433b86a3474525c1a7405/PSSA.yml","size":9}},"public":true,"created_at":"2022-07-13T19:06:21Z","updated_at":"2022-07-13T19:06:21Z","description":"PSSA Scan integration in Github","comments":0,"user":null,"comments_url":"https://api.github.com/gists/b8f96dcab528aa88fb9d57bd5564ab87/comments","owner":{"login":"fflaten","id":3436158,"node_id":"MDQ6VXNlcjM0MzYxNTg=","avatar_url":"https://avatars.githubusercontent.com/u/3436158?v=4","gravatar_id":"","url":"https://api.github.com/users/fflaten","html_url":"https://github.com/fflaten","followers_url":"https://api.github.com/users/fflaten/followers","following_url":"https://api.github.com/users/fflaten/following{/other_user}","gists_url":"https://api.github.com/users/fflaten/gists{/gist_id}","starred_url":"https://api.github.com/users/fflaten/starred{/owner}{/repo}","subscriptions_url":"https://api.github.com/users/fflaten/subscriptions","organizations_url":"https://api.github.com/users/fflaten/orgs","repos_url":"https://api.github.com/users/fflaten/repos","events_url":"https://api.github.com/users/fflaten/events{/privacy}","received_events_url":"https://api.github.com/users/fflaten/received_events","type":"User","site_admin":false},"truncated":false},{"url":"https://api.github.com/gists/586d5a719581778fb3593693622f020a","forks_url":"https://api.github.com/gists/586d5a719581778fb3593693622f020a/forks","commits_url":"https://api.github.com/gists/586d5a719581778fb3593693622f020a/commits","id":"586d5a719581778fb3593693622f020a","node_id":"G_kwDOAj5ZX9oAIDU4NmQ1YTcxOTU4MTc3OGZiMzU5MzY5MzYyMmYwMjBh","git_pull_url":"https://gist.github.com/586d5a719581778fb3593693622f020a.git","git_push_url":"https://gist.github.com/586d5a719581778fb3593693622f020a.git","html_url":"https://gist.github.com/586d5a719581778fb3593693622f020a","files":{"leetcode.problem.2.cpp":{"filename":"leetcode.problem.2.cpp","type":"text/plain","language":"C++","raw_url":"https://gist.githubusercontent.com/zulrah93/586d5a719581778fb3593693622f020a/raw/e7b2ded147344aaa6b11d3bf41bca46836aec40d/leetcode.problem.2.cpp","size":2462}},"public":true,"created_at":"2022-07-13T19:06:14Z","updated_at":"2022-07-13T19:06:50Z","description":"2. Add Two Numbers","comments":1,"user":null,"comments_url":"https://api.github.com/gists/586d5a719581778fb3593693622f020a/comments","owner":{"login":"zulrah93","id":37640543,"node_id":"MDQ6VXNlcjM3NjQwNTQz","avatar_url":"https://avatars.githubusercontent.com/u/37640543?v=4","gravatar_id":"","url":"https://api.github.com/users/zulrah93","html_url":"https://github.com/zulrah93","followers_url":"https://api.github.com/users/zulrah93/followers","following_url":"https://api.github.com/users/zulrah93/following{/other_user}","gists_url":"https://api.github.com/users/zulrah93/gists{/gist_id}","starred_url":"https://api.github.com/users/zulrah93/starred{/owner}{/repo}","subscriptions_url":"https://api.github.com/users/zulrah93/subscriptions","organizations_url":"https://api.github.com/users/zulrah93/orgs","repos_url":"https://api.github.com/users/zulrah93/repos","events_url":"https://api.github.com/users/zulrah93/events{/privacy}","received_events_url":"https://api.github.com/users/zulrah93/received_events","type":"User","site_admin":false},"truncated":false},{"url":"https://api.github.com/gists/90eefff03b3da63f1df0f5b9b104f0d5","forks_url":"https://api.github.com/gists/90eefff03b3da63f1df0f5b9b104f0d5/forks","commits_url":"https://api.github.com/gists/90eefff03b3da63f1df0f5b9b104f0d5/commits","id":"90eefff03b3da63f1df0f5b9b104f0d5","node_id":"G_kwDOAGb8HNoAIDkwZWVmZmYwM2IzZGE2M2YxZGYwZjViOWIxMDRmMGQ1","git_pull_url":"https://gist.github.com/90eefff03b3da63f1df0f5b9b104f0d5.git","git_push_url":"https://gist.github.com/90eefff03b3da63f1df0f5b9b104f0d5.git","html_url":"https://gist.github.com/90eefff03b3da63f1df0f5b9b104f0d5","files":{"hello_world.arnold":{"filename":"hello_world.arnold","type":"text/plain","language":null,"raw_url":"https://gist.githubusercontent.com/aadhithya/90eefff03b3da63f1df0f5b9b104f0d5/raw/2447e36e2b70ce81fb6bf157f4be44c14957ef0b/hello_world.arnold","size":70}},"public":true,"created_at":"2022-07-13T19:05:19Z","updated_at":"2022-07-13T19:05:19Z","description":"","comments":0,"user":null,"comments_url":"https://api.github.com/gists/90eefff03b3da63f1df0f5b9b104f0d5/comments","owner":{"login":"aadhithya","id":6749212,"node_id":"MDQ6VXNlcjY3NDkyMTI=","avatar_url":"https://avatars.githubusercontent.com/u/6749212?v=4","gravatar_id":"","url":"https://api.github.com/users/aadhithya","html_url":"https://github.com/aadhithya","followers_url":"https://api.github.com/users/aadhithya/followers","following_url":"https://api.github.com/users/aadhithya/following{/other_user}","gists_url":"https://api.github.com/users/aadhithya/gists{/gist_id}","starred_url":"https://api.github.com/users/aadhithya/starred{/owner}{/repo}","subscriptions_url":"https://api.github.com/users/aadhithya/subscriptions","organizations_url":"https://api.github.com/users/aadhithya/orgs","repos_url":"https://api.github.com/users/aadhithya/repos","events_url":"https://api.github.com/users/aadhithya/events{/privacy}","received_events_url":"https://api.github.com/users/aadhithya/received_events","type":"User","site_admin":false},"truncated":false},{"url":"https://api.github.com/gists/96b2c5508cbeedbc0928ae460d11a58f","forks_url":"https://api.github.com/gists/96b2c5508cbeedbc0928ae460d11a58f/forks","commits_url":"https://api.github.com/gists/96b2c5508cbeedbc0928ae460d11a58f/commits","id":"96b2c5508cbeedbc0928ae460d11a58f","node_id":"G_kwDOBEMnKtoAIDk2YjJjNTUwOGNiZWVkYmMwOTI4YWU0NjBkMTFhNThm","git_pull_url":"https://gist.github.com/96b2c5508cbeedbc0928ae460d11a58f.git","git_push_url":"https://gist.github.com/96b2c5508cbeedbc0928ae460d11a58f.git","html_url":"https://gist.github.com/96b2c5508cbeedbc0928ae460d11a58f","files":{"stone_list.json":{"filename":"stone_list.json","type":"application/json","language":"JSON","raw_url":"https://gist.githubusercontent.com/Aoliveiradev/96b2c5508cbeedbc0928ae460d11a58f/raw/a8aa2330398b7af6e6c2a547f7219b04e33fe563/stone_list.json","size":1837}},"public":true,"created_at":"2022-07-13T19:04:48Z","updated_at":"2022-07-13T19:04:48Z","description":"","comments":0,"user":null,"comments_url":"https://api.github.com/gists/96b2c5508cbeedbc0928ae460d11a58f/comments","owner":{"login":"Aoliveiradev","id":71509802,"node_id":"MDQ6VXNlcjcxNTA5ODAy","avatar_url":"https://avatars.githubusercontent.com/u/71509802?v=4","gravatar_id":"","url":"https://api.github.com/users/Aoliveiradev","html_url":"https://github.com/Aoliveiradev","followers_url":"https://api.github.com/users/Aoliveiradev/followers","following_url":"https://api.github.com/users/Aoliveiradev/following{/other_user}","gists_url":"https://api.github.com/users/Aoliveiradev/gists{/gist_id}","starred_url":"https://api.github.com/users/Aoliveiradev/starred{/owner}{/repo}","subscriptions_url":"https://api.github.com/users/Aoliveiradev/subscriptions","organizations_url":"https://api.github.com/users/Aoliveiradev/orgs","repos_url":"https://api.github.com/users/Aoliveiradev/repos","events_url":"https://api.github.com/users/Aoliveiradev/events{/privacy}","received_events_url":"https://api.github.com/users/Aoliveiradev/received_events","type":"User","site_admin":false},"truncated":false},{"url":"https://api.github.com/gists/ddfde21f69396f502014eb3f877b25a4","forks_url":"https://api.github.com/gists/ddfde21f69396f502014eb3f877b25a4/forks","commits_url":"https://api.github.com/gists/ddfde21f69396f502014eb3f877b25a4/commits","id":"ddfde21f69396f502014eb3f877b25a4","node_id":"G_kwDOAB1rH9oAIGRkZmRlMjFmNjkzOTZmNTAyMDE0ZWIzZjg3N2IyNWE0","git_pull_url":"https://gist.github.com/ddfde21f69396f502014eb3f877b25a4.git","git_push_url":"https://gist.github.com/ddfde21f69396f502014eb3f877b25a4.git","html_url":"https://gist.github.com/ddfde21f69396f502014eb3f877b25a4","files":{"add_multiline_text.sh":{"filename":"add_multiline_text.sh","type":"application/x-sh","language":"Shell","raw_url":"https://gist.githubusercontent.com/artem-konevskikh/ddfde21f69396f502014eb3f877b25a4/raw/ce40a057f45a8c928a24d2b1a29d9a3bf27df812/add_multiline_text.sh","size":374},"crop_video.sh":{"filename":"crop_video.sh","type":"application/x-sh","language":"Shell","raw_url":"https://gist.githubusercontent.com/artem-konevskikh/ddfde21f69396f502014eb3f877b25a4/raw/3711ed381ee0550b452384831fa8c7f7cecbdcf9/crop_video.sh","size":191}},"public":true,"created_at":"2022-07-13T19:04:43Z","updated_at":"2022-07-13T19:04:43Z","description":"ffmpeg gists","comments":0,"user":null,"comments_url":"https://api.github.com/gists/ddfde21f69396f502014eb3f877b25a4/comments","owner":{"login":"artem-konevskikh","id":1927967,"node_id":"MDQ6VXNlcjE5Mjc5Njc=","avatar_url":"https://avatars.githubusercontent.com/u/1927967?v=4","gravatar_id":"","url":"https://api.github.com/users/artem-konevskikh","html_url":"https://github.com/artem-konevskikh","followers_url":"https://api.github.com/users/artem-konevskikh/followers","following_url":"https://api.github.com/users/artem-konevskikh/following{/other_user}","gists_url":"https://api.github.com/users/artem-konevskikh/gists{/gist_id}","starred_url":"https://api.github.com/users/artem-konevskikh/starred{/owner}{/repo}","subscriptions_url":"https://api.github.com/users/artem-konevskikh/subscriptions","organizations_url":"https://api.github.com/users/artem-konevskikh/orgs","repos_url":"https://api.github.com/users/artem-konevskikh/repos","events_url":"https://api.github.com/users/artem-konevskikh/events{/privacy}","received_events_url":"https://api.github.com/users/artem-konevskikh/received_events","type":"User","site_admin":false},"truncated":false},{"url":"https://api.github.com/gists/6c78d0b2652078dd374017d3fe224354","forks_url":"https://api.github.com/gists/6c78d0b2652078dd374017d3fe224354/forks","commits_url":"https://api.github.com/gists/6c78d0b2652078dd374017d3fe224354/commits","id":"6c78d0b2652078dd374017d3fe224354","node_id":"G_kwDOAYRM6toAIDZjNzhkMGIyNjUyMDc4ZGQzNzQwMTdkM2ZlMjI0MzU0","git_pull_url":"https://gist.github.com/6c78d0b2652078dd374017d3fe224354.git","git_push_url":"https://gist.github.com/6c78d0b2652078dd374017d3fe224354.git","html_url":"https://gist.github.com/6c78d0b2652078dd374017d3fe224354","files":{"Potential Maintainers":{"filename":"Potential Maintainers","type":"text/plain","language":null,"raw_url":"https://gist.githubusercontent.com/GrahamcOfBorg/6c78d0b2652078dd374017d3fe224354/raw/c6e54f25cc1ccb0c09f6777a786a7e137f65b5bf/Potential%20Maintainers","size":311}},"public":true,"created_at":"2022-07-13T19:04:38Z","updated_at":"2022-07-13T19:04:38Z","description":"","comments":0,"user":null,"comments_url":"https://api.github.com/gists/6c78d0b2652078dd374017d3fe224354/comments","owner":{"login":"GrahamcOfBorg","id":25447658,"node_id":"MDQ6VXNlcjI1NDQ3NjU4","avatar_url":"https://avatars.githubusercontent.com/u/25447658?v=4","gravatar_id":"","url":"https://api.github.com/users/GrahamcOfBorg","html_url":"https://github.com/GrahamcOfBorg","followers_url":"https://api.github.com/users/GrahamcOfBorg/followers","following_url":"https://api.github.com/users/GrahamcOfBorg/following{/other_user}","gists_url":"https://api.github.com/users/GrahamcOfBorg/gists{/gist_id}","starred_url":"https://api.github.com/users/GrahamcOfBorg/starred{/owner}{/repo}","subscriptions_url":"https://api.github.com/users/GrahamcOfBorg/subscriptions","organizations_url":"https://api.github.com/users/GrahamcOfBorg/orgs","repos_url":"https://api.github.com/users/GrahamcOfBorg/repos","events_url":"https://api.github.com/users/GrahamcOfBorg/events{/privacy}","received_events_url":"https://api.github.com/users/GrahamcOfBorg/received_events","type":"User","site_admin":false},"truncated":false},{"url":"https://api.github.com/gists/dab73a37886b4dff85fad7d06b789320","forks_url":"https://api.github.com/gists/dab73a37886b4dff85fad7d06b789320/forks","commits_url":"https://api.github.com/gists/dab73a37886b4dff85fad7d06b789320/commits","id":"dab73a37886b4dff85fad7d06b789320","node_id":"G_kwDOAYRM6toAIGRhYjczYTM3ODg2YjRkZmY4NWZhZDdkMDZiNzg5MzIw","git_pull_url":"https://gist.github.com/dab73a37886b4dff85fad7d06b789320.git","git_push_url":"https://gist.github.com/dab73a37886b4dff85fad7d06b789320.git","html_url":"https://gist.github.com/dab73a37886b4dff85fad7d06b789320","files":{"Changed Paths":{"filename":"Changed Paths","type":"text/plain","language":null,"raw_url":"https://gist.githubusercontent.com/GrahamcOfBorg/dab73a37886b4dff85fad7d06b789320/raw/e95df8c340057b552005ac92980047452ff1f524/Changed%20Paths","size":387}},"public":true,"created_at":"2022-07-13T19:04:37Z","updated_at":"2022-07-13T19:04:37Z","description":"","comments":0,"user":null,"comments_url":"https://api.github.com/gists/dab73a37886b4dff85fad7d06b789320/comments","owner":{"login":"GrahamcOfBorg","id":25447658,"node_id":"MDQ6VXNlcjI1NDQ3NjU4","avatar_url":"https://avatars.githubusercontent.com/u/25447658?v=4","gravatar_id":"","url":"https://api.github.com/users/GrahamcOfBorg","html_url":"https://github.com/GrahamcOfBorg","followers_url":"https://api.github.com/users/GrahamcOfBorg/followers","following_url":"https://api.github.com/users/GrahamcOfBorg/following{/other_user}","gists_url":"https://api.github.com/users/GrahamcOfBorg/gists{/gist_id}","starred_url":"https://api.github.com/users/GrahamcOfBorg/starred{/owner}{/repo}","subscriptions_url":"https://api.github.com/users/GrahamcOfBorg/subscriptions","organizations_url":"https://api.github.com/users/GrahamcOfBorg/orgs","repos_url":"https://api.github.com/users/GrahamcOfBorg/repos","events_url":"https://api.github.com/users/GrahamcOfBorg/events{/privacy}","received_events_url":"https://api.github.com/users/GrahamcOfBorg/received_events","type":"User","site_admin":false},"truncated":false},{"url":"https://api.github.com/gists/a2a2ce462ab1a4f0a01a995920ef4337","forks_url":"https://api.github.com/gists/a2a2ce462ab1a4f0a01a995920ef4337/forks","commits_url":"https://api.github.com/gists/a2a2ce462ab1a4f0a01a995920ef4337/commits","id":"a2a2ce462ab1a4f0a01a995920ef4337","node_id":"G_kwDOAYRM6toAIGEyYTJjZTQ2MmFiMWE0ZjBhMDFhOTk1OTIwZWY0MzM3","git_pull_url":"https://gist.github.com/a2a2ce462ab1a4f0a01a995920ef4337.git","git_push_url":"https://gist.github.com/a2a2ce462ab1a4f0a01a995920ef4337.git","html_url":"https://gist.github.com/a2a2ce462ab1a4f0a01a995920ef4337","files":{"Potential Maintainers":{"filename":"Potential Maintainers","type":"text/plain","language":null,"raw_url":"https://gist.githubusercontent.com/GrahamcOfBorg/a2a2ce462ab1a4f0a01a995920ef4337/raw/789c924a9c40bdb98acad8cf9b15cd9aa7126194/Potential%20Maintainers","size":55}},"public":true,"created_at":"2022-07-13T19:04:25Z","updated_at":"2022-07-13T19:04:25Z","description":"","comments":0,"user":null,"comments_url":"https://api.github.com/gists/a2a2ce462ab1a4f0a01a995920ef4337/comments","owner":{"login":"GrahamcOfBorg","id":25447658,"node_id":"MDQ6VXNlcjI1NDQ3NjU4","avatar_url":"https://avatars.githubusercontent.com/u/25447658?v=4","gravatar_id":"","url":"https://api.github.com/users/GrahamcOfBorg","html_url":"https://github.com/GrahamcOfBorg","followers_url":"https://api.github.com/users/GrahamcOfBorg/followers","following_url":"https://api.github.com/users/GrahamcOfBorg/following{/other_user}","gists_url":"https://api.github.com/users/GrahamcOfBorg/gists{/gist_id}","starred_url":"https://api.github.com/users/GrahamcOfBorg/starred{/owner}{/repo}","subscriptions_url":"https://api.github.com/users/GrahamcOfBorg/subscriptions","organizations_url":"https://api.github.com/users/GrahamcOfBorg/orgs","repos_url":"https://api.github.com/users/GrahamcOfBorg/repos","events_url":"https://api.github.com/users/GrahamcOfBorg/events{/privacy}","received_events_url":"https://api.github.com/users/GrahamcOfBorg/received_events","type":"User","site_admin":false},"truncated":false},{"url":"https://api.github.com/gists/7e621dcf8121abe597e5bf713acdab42","forks_url":"https://api.github.com/gists/7e621dcf8121abe597e5bf713acdab42/forks","commits_url":"https://api.github.com/gists/7e621dcf8121abe597e5bf713acdab42/commits","id":"7e621dcf8121abe597e5bf713acdab42","node_id":"G_kwDOAYRM6toAIDdlNjIxZGNmODEyMWFiZTU5N2U1YmY3MTNhY2RhYjQy","git_pull_url":"https://gist.github.com/7e621dcf8121abe597e5bf713acdab42.git","git_push_url":"https://gist.github.com/7e621dcf8121abe597e5bf713acdab42.git","html_url":"https://gist.github.com/7e621dcf8121abe597e5bf713acdab42","files":{"Changed Paths":{"filename":"Changed Paths","type":"text/plain","language":null,"raw_url":"https://gist.githubusercontent.com/GrahamcOfBorg/7e621dcf8121abe597e5bf713acdab42/raw/d1918ce64f5a73b62b2a5d28547312682a0cd03c/Changed%20Paths","size":67}},"public":true,"created_at":"2022-07-13T19:04:24Z","updated_at":"2022-07-13T19:04:24Z","description":"","comments":0,"user":null,"comments_url":"https://api.github.com/gists/7e621dcf8121abe597e5bf713acdab42/comments","owner":{"login":"GrahamcOfBorg","id":25447658,"node_id":"MDQ6VXNlcjI1NDQ3NjU4","avatar_url":"https://avatars.githubusercontent.com/u/25447658?v=4","gravatar_id":"","url":"https://api.github.com/users/GrahamcOfBorg","html_url":"https://github.com/GrahamcOfBorg","followers_url":"https://api.github.com/users/GrahamcOfBorg/followers","following_url":"https://api.github.com/users/GrahamcOfBorg/following{/other_user}","gists_url":"https://api.github.com/users/GrahamcOfBorg/gists{/gist_id}","starred_url":"https://api.github.com/users/GrahamcOfBorg/starred{/owner}{/repo}","subscriptions_url":"https://api.github.com/users/GrahamcOfBorg/subscriptions","organizations_url":"https://api.github.com/users/GrahamcOfBorg/orgs","repos_url":"https://api.github.com/users/GrahamcOfBorg/repos","events_url":"https://api.github.com/users/GrahamcOfBorg/events{/privacy}","received_events_url":"https://api.github.com/users/GrahamcOfBorg/received_events","type":"User","site_admin":false},"truncated":false},{"url":"https://api.github.com/gists/ab455ad1271fec7ca6240af5ed5598b9","forks_url":"https://api.github.com/gists/ab455ad1271fec7ca6240af5ed5598b9/forks","commits_url":"https://api.github.com/gists/ab455ad1271fec7ca6240af5ed5598b9/commits","id":"ab455ad1271fec7ca6240af5ed5598b9","node_id":"G_kwDOBhMydtoAIGFiNDU1YWQxMjcxZmVjN2NhNjI0MGFmNWVkNTU5OGI5","git_pull_url":"https://gist.github.com/ab455ad1271fec7ca6240af5ed5598b9.git","git_push_url":"https://gist.github.com/ab455ad1271fec7ca6240af5ed5598b9.git","html_url":"https://gist.github.com/ab455ad1271fec7ca6240af5ed5598b9","files":{"hw1.html":{"filename":"hw1.html","type":"text/html","language":"HTML","raw_url":"https://gist.githubusercontent.com/sheresheva2001/ab455ad1271fec7ca6240af5ed5598b9/raw/68153798ad1d7ff78844fd173e03c65f84b98890/hw1.html","size":3653}},"public":true,"created_at":"2022-07-13T19:04:16Z","updated_at":"2022-07-13T19:04:16Z","description":"https://github.com/sheresheva2001/LizaSheresheva/tree/master/it1","comments":0,"user":null,"comments_url":"https://api.github.com/gists/ab455ad1271fec7ca6240af5ed5598b9/comments","owner":{"login":"sheresheva2001","id":101921398,"node_id":"U_kgDOBhMydg","avatar_url":"https://avatars.githubusercontent.com/u/101921398?v=4","gravatar_id":"","url":"https://api.github.com/users/sheresheva2001","html_url":"https://github.com/sheresheva2001","followers_url":"https://api.github.com/users/sheresheva2001/followers","following_url":"https://api.github.com/users/sheresheva2001/following{/other_user}","gists_url":"https://api.github.com/users/sheresheva2001/gists{/gist_id}","starred_url":"https://api.github.com/users/sheresheva2001/starred{/owner}{/repo}","subscriptions_url":"https://api.github.com/users/sheresheva2001/subscriptions","organizations_url":"https://api.github.com/users/sheresheva2001/orgs","repos_url":"https://api.github.com/users/sheresheva2001/repos","events_url":"https://api.github.com/users/sheresheva2001/events{/privacy}","received_events_url":"https://api.github.com/users/sheresheva2001/received_events","type":"User","site_admin":false},"truncated":false},{"url":"https://api.github.com/gists/76f7aee73fa0cbb9a79a9d8bd25d3820","forks_url":"https://api.github.com/gists/76f7aee73fa0cbb9a79a9d8bd25d3820/forks","commits_url":"https://api.github.com/gists/76f7aee73fa0cbb9a79a9d8bd25d3820/commits","id":"76f7aee73fa0cbb9a79a9d8bd25d3820","node_id":"G_kwDNwnXaACA3NmY3YWVlNzNmYTBjYmI5YTc5YTlkOGJkMjVkMzgyMA","git_pull_url":"https://gist.github.com/76f7aee73fa0cbb9a79a9d8bd25d3820.git","git_push_url":"https://gist.github.com/76f7aee73fa0cbb9a79a9d8bd25d3820.git","html_url":"https://gist.github.com/76f7aee73fa0cbb9a79a9d8bd25d3820","files":{"Enhanced paper trimmer project.md":{"filename":"Enhanced paper trimmer project.md","type":"text/markdown","language":"Markdown","raw_url":"https://gist.githubusercontent.com/boredzo/76f7aee73fa0cbb9a79a9d8bd25d3820/raw/8780ceccb4650f792a9d807fc1ccde8f11675816/Enhanced%20paper%20trimmer%20project.md","size":5923}},"public":true,"created_at":"2022-07-13T19:04:10Z","updated_at":"2022-07-13T19:04:10Z","description":"Enhanced paper trimmer project plan (untested, this is just a braindump)","comments":0,"user":null,"comments_url":"https://api.github.com/gists/76f7aee73fa0cbb9a79a9d8bd25d3820/comments","owner":{"login":"boredzo","id":49781,"node_id":"MDQ6VXNlcjQ5Nzgx","avatar_url":"https://avatars.githubusercontent.com/u/49781?v=4","gravatar_id":"","url":"https://api.github.com/users/boredzo","html_url":"https://github.com/boredzo","followers_url":"https://api.github.com/users/boredzo/followers","following_url":"https://api.github.com/users/boredzo/following{/other_user}","gists_url":"https://api.github.com/users/boredzo/gists{/gist_id}","starred_url":"https://api.github.com/users/boredzo/starred{/owner}{/repo}","subscriptions_url":"https://api.github.com/users/boredzo/subscriptions","organizations_url":"https://api.github.com/users/boredzo/orgs","repos_url":"https://api.github.com/users/boredzo/repos","events_url":"https://api.github.com/users/boredzo/events{/privacy}","received_events_url":"https://api.github.com/users/boredzo/received_events","type":"User","site_admin":false},"truncated":false},{"url":"https://api.github.com/gists/6f011199f239c2739611f3109fa75e7c","forks_url":"https://api.github.com/gists/6f011199f239c2739611f3109fa75e7c/forks","commits_url":"https://api.github.com/gists/6f011199f239c2739611f3109fa75e7c/commits","id":"6f011199f239c2739611f3109fa75e7c","node_id":"G_kwDOAB-VGNoAIDZmMDExMTk5ZjIzOWMyNzM5NjExZjMxMDlmYTc1ZTdj","git_pull_url":"https://gist.github.com/6f011199f239c2739611f3109fa75e7c.git","git_push_url":"https://gist.github.com/6f011199f239c2739611f3109fa75e7c.git","html_url":"https://gist.github.com/6f011199f239c2739611f3109fa75e7c","files":{"metadata.json":{"filename":"metadata.json","type":"application/json","language":"JSON","raw_url":"https://gist.githubusercontent.com/ariady-putra/6f011199f239c2739611f3109fa75e7c/raw/9ec4ccb0bc8adf26340bf3e20127c5722d6837a0/metadata.json","size":194},"playground.marlowe":{"filename":"playground.marlowe","type":"text/plain","language":null,"raw_url":"https://gist.githubusercontent.com/ariady-putra/6f011199f239c2739611f3109fa75e7c/raw/3bed6b34481e599e2a25ad007b768dc9c0301a0c/playground.marlowe","size":325},"playground.marlowe.json":{"filename":"playground.marlowe.json","type":"application/json","language":"JSON","raw_url":"https://gist.githubusercontent.com/ariady-putra/6f011199f239c2739611f3109fa75e7c/raw/9e26dfeeb6e641a33dae4961196235bdb965b21b/playground.marlowe.json","size":2}},"public":true,"created_at":"2022-07-13T19:03:44Z","updated_at":"2022-07-13T19:03:45Z","description":"New Project","comments":0,"user":null,"comments_url":"https://api.github.com/gists/6f011199f239c2739611f3109fa75e7c/comments","owner":{"login":"ariady-putra","id":2069784,"node_id":"MDQ6VXNlcjIwNjk3ODQ=","avatar_url":"https://avatars.githubusercontent.com/u/2069784?v=4","gravatar_id":"","url":"https://api.github.com/users/ariady-putra","html_url":"https://github.com/ariady-putra","followers_url":"https://api.github.com/users/ariady-putra/followers","following_url":"https://api.github.com/users/ariady-putra/following{/other_user}","gists_url":"https://api.github.com/users/ariady-putra/gists{/gist_id}","starred_url":"https://api.github.com/users/ariady-putra/starred{/owner}{/repo}","subscriptions_url":"https://api.github.com/users/ariady-putra/subscriptions","organizations_url":"https://api.github.com/users/ariady-putra/orgs","repos_url":"https://api.github.com/users/ariady-putra/repos","events_url":"https://api.github.com/users/ariady-putra/events{/privacy}","received_events_url":"https://api.github.com/users/ariady-putra/received_events","type":"User","site_admin":false},"truncated":false},{"url":"https://api.github.com/gists/648453700819117a7e2293c3605da6be","forks_url":"https://api.github.com/gists/648453700819117a7e2293c3605da6be/forks","commits_url":"https://api.github.com/gists/648453700819117a7e2293c3605da6be/commits","id":"648453700819117a7e2293c3605da6be","node_id":"G_kwDOAKQ42NoAIDY0ODQ1MzcwMDgxOTExN2E3ZTIyOTNjMzYwNWRhNmJl","git_pull_url":"https://gist.github.com/648453700819117a7e2293c3605da6be.git","git_push_url":"https://gist.github.com/648453700819117a7e2293c3605da6be.git","html_url":"https://gist.github.com/648453700819117a7e2293c3605da6be","files":{"Live-Coding-Challenge-Guide.md":{"filename":"Live-Coding-Challenge-Guide.md","type":"text/markdown","language":"Markdown","raw_url":"https://gist.githubusercontent.com/LordSnoosh/648453700819117a7e2293c3605da6be/raw/d7319e8007cdf8015c08a8ed42bd1dc613907b9f/Live-Coding-Challenge-Guide.md","size":1494}},"public":true,"created_at":"2022-07-13T19:02:56Z","updated_at":"2022-07-13T19:02:56Z","description":"","comments":0,"user":null,"comments_url":"https://api.github.com/gists/648453700819117a7e2293c3605da6be/comments","owner":{"login":"LordSnoosh","id":10762456,"node_id":"MDQ6VXNlcjEwNzYyNDU2","avatar_url":"https://avatars.githubusercontent.com/u/10762456?v=4","gravatar_id":"","url":"https://api.github.com/users/LordSnoosh","html_url":"https://github.com/LordSnoosh","followers_url":"https://api.github.com/users/LordSnoosh/followers","following_url":"https://api.github.com/users/LordSnoosh/following{/other_user}","gists_url":"https://api.github.com/users/LordSnoosh/gists{/gist_id}","starred_url":"https://api.github.com/users/LordSnoosh/starred{/owner}{/repo}","subscriptions_url":"https://api.github.com/users/LordSnoosh/subscriptions","organizations_url":"https://api.github.com/users/LordSnoosh/orgs","repos_url":"https://api.github.com/users/LordSnoosh/repos","events_url":"https://api.github.com/users/LordSnoosh/events{/privacy}","received_events_url":"https://api.github.com/users/LordSnoosh/received_events","type":"User","site_admin":false},"truncated":false},{"url":"https://api.github.com/gists/72b10f67d79ed9545792eafd7bd61f93","forks_url":"https://api.github.com/gists/72b10f67d79ed9545792eafd7bd61f93/forks","commits_url":"https://api.github.com/gists/72b10f67d79ed9545792eafd7bd61f93/commits","id":"72b10f67d79ed9545792eafd7bd61f93","node_id":"G_kwDOA7VM_NoAIDcyYjEwZjY3ZDc5ZWQ5NTQ1NzkyZWFmZDdiZDYxZjkz","git_pull_url":"https://gist.github.com/72b10f67d79ed9545792eafd7bd61f93.git","git_push_url":"https://gist.github.com/72b10f67d79ed9545792eafd7bd61f93.git","html_url":"https://gist.github.com/72b10f67d79ed9545792eafd7bd61f93","files":{"mpg.csv":{"filename":"mpg.csv","type":"text/csv","language":"CSV","raw_url":"https://gist.githubusercontent.com/codingcooper/72b10f67d79ed9545792eafd7bd61f93/raw/4c6c3c00ec0e61e854632bf5a6748bd92c7e60e2/mpg.csv","size":13215}},"public":true,"created_at":"2022-07-13T19:02:35Z","updated_at":"2022-07-13T19:02:36Z","description":"","comments":0,"user":null,"comments_url":"https://api.github.com/gists/72b10f67d79ed9545792eafd7bd61f93/comments","owner":{"login":"codingcooper","id":62213372,"node_id":"MDQ6VXNlcjYyMjEzMzcy","avatar_url":"https://avatars.githubusercontent.com/u/62213372?v=4","gravatar_id":"","url":"https://api.github.com/users/codingcooper","html_url":"https://github.com/codingcooper","followers_url":"https://api.github.com/users/codingcooper/followers","following_url":"https://api.github.com/users/codingcooper/following{/other_user}","gists_url":"https://api.github.com/users/codingcooper/gists{/gist_id}","starred_url":"https://api.github.com/users/codingcooper/starred{/owner}{/repo}","subscriptions_url":"https://api.github.com/users/codingcooper/subscriptions","organizations_url":"https://api.github.com/users/codingcooper/orgs","repos_url":"https://api.github.com/users/codingcooper/repos","events_url":"https://api.github.com/users/codingcooper/events{/privacy}","received_events_url":"https://api.github.com/users/codingcooper/received_events","type":"User","site_admin":false},"truncated":false},{"url":"https://api.github.com/gists/bfb38dd5eb9bacf5b626c898ac5ca443","forks_url":"https://api.github.com/gists/bfb38dd5eb9bacf5b626c898ac5ca443/forks","commits_url":"https://api.github.com/gists/bfb38dd5eb9bacf5b626c898ac5ca443/commits","id":"bfb38dd5eb9bacf5b626c898ac5ca443","node_id":"G_kwDOADRuftoAIGJmYjM4ZGQ1ZWI5YmFjZjViNjI2Yzg5OGFjNWNhNDQz","git_pull_url":"https://gist.github.com/bfb38dd5eb9bacf5b626c898ac5ca443.git","git_push_url":"https://gist.github.com/bfb38dd5eb9bacf5b626c898ac5ca443.git","html_url":"https://gist.github.com/bfb38dd5eb9bacf5b626c898ac5ca443","files":{"azure-pipelines.yml":{"filename":"azure-pipelines.yml","type":"text/x-yaml","language":"YAML","raw_url":"https://gist.githubusercontent.com/fflaten/bfb38dd5eb9bacf5b626c898ac5ca443/raw/21bf879febb20e5d4a4c29263d8692ac4d60cb3f/azure-pipelines.yml","size":2867}},"public":true,"created_at":"2022-07-13T19:02:27Z","updated_at":"2022-07-13T19:04:53Z","description":"PSSA Scan integration in AzDO","comments":0,"user":null,"comments_url":"https://api.github.com/gists/bfb38dd5eb9bacf5b626c898ac5ca443/comments","owner":{"login":"fflaten","id":3436158,"node_id":"MDQ6VXNlcjM0MzYxNTg=","avatar_url":"https://avatars.githubusercontent.com/u/3436158?v=4","gravatar_id":"","url":"https://api.github.com/users/fflaten","html_url":"https://github.com/fflaten","followers_url":"https://api.github.com/users/fflaten/followers","following_url":"https://api.github.com/users/fflaten/following{/other_user}","gists_url":"https://api.github.com/users/fflaten/gists{/gist_id}","starred_url":"https://api.github.com/users/fflaten/starred{/owner}{/repo}","subscriptions_url":"https://api.github.com/users/fflaten/subscriptions","organizations_url":"https://api.github.com/users/fflaten/orgs","repos_url":"https://api.github.com/users/fflaten/repos","events_url":"https://api.github.com/users/fflaten/events{/privacy}","received_events_url":"https://api.github.com/users/fflaten/received_events","type":"User","site_admin":false},"truncated":false},{"url":"https://api.github.com/gists/ca19b35a51e0a09e1bde60dc62507ef9","forks_url":"https://api.github.com/gists/ca19b35a51e0a09e1bde60dc62507ef9/forks","commits_url":"https://api.github.com/gists/ca19b35a51e0a09e1bde60dc62507ef9/commits","id":"ca19b35a51e0a09e1bde60dc62507ef9","node_id":"G_kwDOA7PhmdoAIGNhMTliMzVhNTFlMGEwOWUxYmRlNjBkYzYyNTA3ZWY5","git_pull_url":"https://gist.github.com/ca19b35a51e0a09e1bde60dc62507ef9.git","git_push_url":"https://gist.github.com/ca19b35a51e0a09e1bde60dc62507ef9.git","html_url":"https://gist.github.com/ca19b35a51e0a09e1bde60dc62507ef9","files":{"iree-full-benchmark-result-3529.md":{"filename":"iree-full-benchmark-result-3529.md","type":"text/markdown","language":"Markdown","raw_url":"https://gist.githubusercontent.com/iree-github-actions-bot/ca19b35a51e0a09e1bde60dc62507ef9/raw/362e368d0746d41bfcd49b358bd62a798a9bb73e/iree-full-benchmark-result-3529.md","size":78769}},"public":true,"created_at":"2022-07-13T19:02:22Z","updated_at":"2022-07-13T19:02:22Z","description":null,"comments":0,"user":null,"comments_url":"https://api.github.com/gists/ca19b35a51e0a09e1bde60dc62507ef9/comments","owner":{"login":"iree-github-actions-bot","id":62120345,"node_id":"MDQ6VXNlcjYyMTIwMzQ1","avatar_url":"https://avatars.githubusercontent.com/u/62120345?v=4","gravatar_id":"","url":"https://api.github.com/users/iree-github-actions-bot","html_url":"https://github.com/iree-github-actions-bot","followers_url":"https://api.github.com/users/iree-github-actions-bot/followers","following_url":"https://api.github.com/users/iree-github-actions-bot/following{/other_user}","gists_url":"https://api.github.com/users/iree-github-actions-bot/gists{/gist_id}","starred_url":"https://api.github.com/users/iree-github-actions-bot/starred{/owner}{/repo}","subscriptions_url":"https://api.github.com/users/iree-github-actions-bot/subscriptions","organizations_url":"https://api.github.com/users/iree-github-actions-bot/orgs","repos_url":"https://api.github.com/users/iree-github-actions-bot/repos","events_url":"https://api.github.com/users/iree-github-actions-bot/events{/privacy}","received_events_url":"https://api.github.com/users/iree-github-actions-bot/received_events","type":"User","site_admin":false},"truncated":false},{"url":"https://api.github.com/gists/bfa96f04ffe829a66764d30a1a6713d9","forks_url":"https://api.github.com/gists/bfa96f04ffe829a66764d30a1a6713d9/forks","commits_url":"https://api.github.com/gists/bfa96f04ffe829a66764d30a1a6713d9/commits","id":"bfa96f04ffe829a66764d30a1a6713d9","node_id":"G_kwDOABr0D9oAIGJmYTk2ZjA0ZmZlODI5YTY2NzY0ZDMwYTFhNjcxM2Q5","git_pull_url":"https://gist.github.com/bfa96f04ffe829a66764d30a1a6713d9.git","git_push_url":"https://gist.github.com/bfa96f04ffe829a66764d30a1a6713d9.git","html_url":"https://gist.github.com/bfa96f04ffe829a66764d30a1a6713d9","files":{"parse_book_list.py":{"filename":"parse_book_list.py","type":"application/x-python","language":"Python","raw_url":"https://gist.githubusercontent.com/danielkrausz/bfa96f04ffe829a66764d30a1a6713d9/raw/3c6f195abde46ee46e25ef4b8201a7701361c6bc/parse_book_list.py","size":1438}},"public":true,"created_at":"2022-07-13T19:02:22Z","updated_at":"2022-07-13T19:03:38Z","description":"Parse a list of books into a Goodreads compatible file format for importing it to your 'To Read' list","comments":0,"user":null,"comments_url":"https://api.github.com/gists/bfa96f04ffe829a66764d30a1a6713d9/comments","owner":{"login":"danielkrausz","id":1766415,"node_id":"MDQ6VXNlcjE3NjY0MTU=","avatar_url":"https://avatars.githubusercontent.com/u/1766415?v=4","gravatar_id":"","url":"https://api.github.com/users/danielkrausz","html_url":"https://github.com/danielkrausz","followers_url":"https://api.github.com/users/danielkrausz/followers","following_url":"https://api.github.com/users/danielkrausz/following{/other_user}","gists_url":"https://api.github.com/users/danielkrausz/gists{/gist_id}","starred_url":"https://api.github.com/users/danielkrausz/starred{/owner}{/repo}","subscriptions_url":"https://api.github.com/users/danielkrausz/subscriptions","organizations_url":"https://api.github.com/users/danielkrausz/orgs","repos_url":"https://api.github.com/users/danielkrausz/repos","events_url":"https://api.github.com/users/danielkrausz/events{/privacy}","received_events_url":"https://api.github.com/users/danielkrausz/received_events","type":"User","site_admin":false},"truncated":false},{"url":"https://api.github.com/gists/6c1fa6089d669568912f3abc762785bc","forks_url":"https://api.github.com/gists/6c1fa6089d669568912f3abc762785bc/forks","commits_url":"https://api.github.com/gists/6c1fa6089d669568912f3abc762785bc/commits","id":"6c1fa6089d669568912f3abc762785bc","node_id":"G_kwDOAK4oRtoAIDZjMWZhNjA4OWQ2Njk1Njg5MTJmM2FiYzc2Mjc4NWJj","git_pull_url":"https://gist.github.com/6c1fa6089d669568912f3abc762785bc.git","git_push_url":"https://gist.github.com/6c1fa6089d669568912f3abc762785bc.git","html_url":"https://gist.github.com/6c1fa6089d669568912f3abc762785bc","files":{"catchall.sieve":{"filename":"catchall.sieve","type":"text/plain","language":"Sieve","raw_url":"https://gist.githubusercontent.com/vidister/6c1fa6089d669568912f3abc762785bc/raw/7e738654804ebdffa18acca4753173c607830a78/catchall.sieve","size":226}},"public":true,"created_at":"2022-07-13T19:02:16Z","updated_at":"2022-07-13T19:05:27Z","description":"Sieve script to automatically sort emails to catchall addresses into directories","comments":0,"user":null,"comments_url":"https://api.github.com/gists/6c1fa6089d669568912f3abc762785bc/comments","owner":{"login":"vidister","id":11413574,"node_id":"MDQ6VXNlcjExNDEzNTc0","avatar_url":"https://avatars.githubusercontent.com/u/11413574?v=4","gravatar_id":"","url":"https://api.github.com/users/vidister","html_url":"https://github.com/vidister","followers_url":"https://api.github.com/users/vidister/followers","following_url":"https://api.github.com/users/vidister/following{/other_user}","gists_url":"https://api.github.com/users/vidister/gists{/gist_id}","starred_url":"https://api.github.com/users/vidister/starred{/owner}{/repo}","subscriptions_url":"https://api.github.com/users/vidister/subscriptions","organizations_url":"https://api.github.com/users/vidister/orgs","repos_url":"https://api.github.com/users/vidister/repos","events_url":"https://api.github.com/users/vidister/events{/privacy}","received_events_url":"https://api.github.com/users/vidister/received_events","type":"User","site_admin":false},"truncated":false}]
]]></system-out>
    <system-err><![CDATA[SLF4J: Failed to load class "org.slf4j.impl.StaticLoggerBinder".
SLF4J: Defaulting to no-operation (NOP) logger implementation
SLF4J: See http://www.slf4j.org/codes.html#StaticLoggerBinder for further details.
]]></system-err>
  </testcase>
  <testcase name="getGistListForSpecificUser" classname="myTest" time="0.235">
    <system-out><![CDATA[[]
]]></system-out>
  </testcase>
  <testcase name="createNewGist" classname="myTest" time="1.248"/>
  <testcase name="updateGist" classname="myTest" time="0.594">
    <system-out><![CDATA[null
]]></system-out>
  </testcase>
  <testcase name="deleteGist" classname="myTest" time="0.381"/>
  <testcase name="checkGistIsDeleted" classname="myTest" time="0.215"/>
  <testcase name="starAPublicGist" classname="myTest" time="0.345"/>
  <testcase name="unstarAPublicGist" classname="myTest" time="0.284"/>
  <testcase name="listStarredGists" classname="myTest" time="0.223">
    <system-out><![CDATA[[]
]]></system-out>
  </testcase>
</testsuite>