<?xml version="1.0" encoding="UTF-8" ?>
<testsuite tests="9" failures="0" name="myTest" time="5.332" errors="0" skipped="0">
  <properties>
[...]
</properties>
  <testcase classname="myTest" name="listPublicGists" time="1.788"/>
  <testcase classname="myTest" name="getGistListForSpecificUser" time="0.598"/>
  <testcase classname="myTest" name="createNewGist" time="0.974"/>
  <testcase classname="myTest" name="UpdateGist" time="0.534"/>
  <testcase classname="myTest" name="DeleteGist" time="0.428"/>
  <testcase classname="myTest" name="CheckGistIsDeleted" time="0.205"/>
  <testcase classname="myTest" name="StarAPublicGist" time="0.299"/>
  <testcase classname="myTest" name="UnstarAPublicGist" time="0.304"/>
  <testcase classname="myTest" name="ListStarredGists" time="0.202"/>
</testsuite>