<?xml version="1.0" encoding="UTF-8" ?>
<testsuite tests="9" failures="0" name="myTest" time="4.936" errors="0" skipped="0">
  <properties>
[...]
</properties>
  <testcase classname="myTest" name="listPublicGists" time="1.579"/>
  <testcase classname="myTest" name="getGistListForSpecificUser" time="0.219"/>
  <testcase classname="myTest" name="createNewGist" time="1.062"/>
  <testcase classname="myTest" name="updateGist" time="0.606"/>
  <testcase classname="myTest" name="deleteGist" time="0.383"/>
  <testcase classname="myTest" name="checkGistIsDeleted" time="0.22"/>
  <testcase classname="myTest" name="starAPublicGist" time="0.333"/>
  <testcase classname="myTest" name="unstarAPublicGist" time="0.312"/>
  <testcase classname="myTest" name="listStarredGists" time="0.222"/>
</testsuite>