<?xml version="1.0" encoding="UTF-8"?>
<testng-results ignored="0" total="9" passed="9" failed="0" skipped="0">
  <reporter-output>
  </reporter-output>
  <suite started-at="2022-07-13T16:50:13 BRT" name="Test" finished-at="2022-07-13T16:50:18 BRT" duration-ms="5253">
    <groups>
    </groups>
    <test started-at="2022-07-13T16:50:13 BRT" name="Test" finished-at="2022-07-13T16:50:18 BRT" duration-ms="5253">
      <class name="myTest">
        <test-method is-config="true" signature="setup()[pri:0, instance:myTest@58ea606c]" started-at="2022-07-13T16:50:13 BRT" name="setup" finished-at="2022-07-13T16:50:13 BRT" duration-ms="220" status="PASS">
          <reporter-output>
          </reporter-output>
        </test-method> <!-- setup -->
        <test-method signature="listPublicGists()[pri:1, instance:myTest@58ea606c]" started-at="2022-07-13T16:50:13 BRT" name="listPublicGists" finished-at="2022-07-13T16:50:15 BRT" duration-ms="1621" status="PASS">
          <reporter-output>
          </reporter-output>
        </test-method> <!-- listPublicGists -->
        <test-method signature="getGistListForSpecificUser()[pri:2, instance:myTest@58ea606c]" started-at="2022-07-13T16:50:15 BRT" name="getGistListForSpecificUser" finished-at="2022-07-13T16:50:15 BRT" duration-ms="229" status="PASS">
          <reporter-output>
          </reporter-output>
        </test-method> <!-- getGistListForSpecificUser -->
        <test-method signature="createNewGist()[pri:3, instance:myTest@58ea606c]" started-at="2022-07-13T16:50:15 BRT" name="createNewGist" finished-at="2022-07-13T16:50:16 BRT" duration-ms="1122" status="PASS">
          <reporter-output>
          </reporter-output>
        </test-method> <!-- createNewGist -->
        <test-method signature="updateGist()[pri:4, instance:myTest@58ea606c]" started-at="2022-07-13T16:50:16 BRT" name="updateGist" finished-at="2022-07-13T16:50:16 BRT" depends-on-methods="myTest.createNewGist" duration-ms="535" status="PASS">
          <reporter-output>
          </reporter-output>
        </test-method> <!-- updateGist -->
        <test-method signature="deleteGist()[pri:5, instance:myTest@58ea606c]" started-at="2022-07-13T16:50:16 BRT" name="deleteGist" finished-at="2022-07-13T16:50:17 BRT" depends-on-methods="myTest.updateGist" duration-ms="403" status="PASS">
          <reporter-output>
          </reporter-output>
        </test-method> <!-- deleteGist -->
        <test-method signature="checkGistIsDeleted()[pri:6, instance:myTest@58ea606c]" started-at="2022-07-13T16:50:17 BRT" name="checkGistIsDeleted" finished-at="2022-07-13T16:50:17 BRT" depends-on-methods="myTest.deleteGist" duration-ms="216" status="PASS">
          <reporter-output>
          </reporter-output>
        </test-method> <!-- checkGistIsDeleted -->
        <test-method signature="starAPublicGist()[pri:7, instance:myTest@58ea606c]" started-at="2022-07-13T16:50:17 BRT" name="starAPublicGist" finished-at="2022-07-13T16:50:17 BRT" duration-ms="324" status="PASS">
          <reporter-output>
          </reporter-output>
        </test-method> <!-- starAPublicGist -->
        <test-method signature="unstarAPublicGist()[pri:8, instance:myTest@58ea606c]" started-at="2022-07-13T16:50:17 BRT" name="unstarAPublicGist" finished-at="2022-07-13T16:50:18 BRT" duration-ms="337" status="PASS">
          <reporter-output>
          </reporter-output>
        </test-method> <!-- unstarAPublicGist -->
        <test-method signature="listStarredGists()[pri:9, instance:myTest@58ea606c]" started-at="2022-07-13T16:50:18 BRT" name="listStarredGists" finished-at="2022-07-13T16:50:18 BRT" duration-ms="219" status="PASS">
          <reporter-output>
          </reporter-output>
        </test-method> <!-- listStarredGists -->
      </class> <!-- myTest -->
    </test> <!-- Test -->
  </suite> <!-- Test -->
</testng-results>
