<?xml version="1.0" encoding="UTF-8"?>
<testsuite xmlns:xsi="http://www.w3.org/2001/XMLSchema-instance" xsi:noNamespaceSchemaLocation="https://maven.apache.org/surefire/maven-surefire-plugin/xsd/surefire-test-report-3.0.xsd" version="3.0" name="TestSuite" time="5.568" tests="9" errors="0" skipped="0" failures="0">
  <properties>
[...]
</properties>
  <testcase name="listPublicGists" classname="myTest" time="1.622">
    <system-out><![CDATA[[{"url":"https://api.github.com/gists/1ebac106caebcde90ec04345e1fef3d6","forks_url":"https://api.github.com/gists/1ebac106caebcde90ec04345e1fef3d6/forks","commits_url":"https://api.github.com/gists/1ebac106caebcde90ec04345e1fef3d6/commits","id":"1ebac106caebcde90ec04345e1fef3d6","node_id":"G_kwDOAWatx9oAIDFlYmFjMTA2Y2FlYmNkZTkwZWMwNDM0NWUxZmVmM2Q2","git_pull_url":"https://gist.github.com/1ebac106caebcde90ec04345e1fef3d6.git","git_push_url":"https://gist.github.com/1ebac106caebcde90ec04345e1fef3d6.git","html_url":"https://gist.github.com/1ebac106caebcde90ec04345e1fef3d6","files":{"output_log.txt":{"filename":"output_log.txt","type":"text/plain","language":"Text","raw_url":"https://gist.githubusercontent.com/HugsLibRecordKeeper/1ebac106caebcde90ec04345e1fef3d6/raw/d42b1c12a708cc8fd2a3898eb4edcbaf074f8474/output_log.txt","size":173538}},"public":true,"created_at":"2022-07-13T19:50:09Z","updated_at":"2022-07-13T19:50:10Z","description":"Rimworld output log published using HugsLib","comments":0,"user":null,"comments_url":"https://api.github.com/gists/1ebac106caebcde90ec04345e1fef3d6/comments","owner":{"login":"HugsLibRecordKeeper","id":23506375,"node_id":"MDQ6VXNlcjIzNTA2Mzc1","avatar_url":"https://avatars.githubusercontent.com/u/23506375?v=4","gravatar_id":"","url":"https://api.github.com/users/HugsLibRecordKeeper","html_url":"https://github.com/HugsLibRecordKeeper","followers_url":"https://api.github.com/users/HugsLibRecordKeeper/followers","following_url":"https://api.github.com/users/HugsLibRecordKeeper/following{/other_user}","gists_url":"https://api.github.com/users/HugsLibRecordKeeper/gists{/gist_id}","starred_url":"https://api.github.com/users/HugsLibRecordKeeper/starred{/owner}{/repo}","subscriptions_url":"https://api.github.com/users/HugsLibRecordKeeper/subscriptions","organizations_url":"https://api.github.com/users/HugsLibRecordKeeper/orgs","repos_url":"https://api.github.com/users/HugsLibRecordKeeper/repos","events_url":"https://api.github.com/users/HugsLibRecordKeeper/events{/privacy}","received_events_url":"https://api.github.com/users/HugsLibRecordKeeper/received_events","type":"User","site_admin":false},"truncated":false},{"url":"https://api.github.com/gists/06a120d0da1a639440fba718658a0710","forks_url":"https://api.github.com/gists/06a120d0da1a639440fba718658a0710/forks","commits_url":"https://api.github.com/gists/06a120d0da1a639440fba718658a0710/commits","id":"06a120d0da1a639440fba718658a0710","node_id":"G_kwDOAWLmjdoAIDA2YTEyMGQwZGExYTYzOTQ0MGZiYTcxODY1OGEwNzEw","git_pull_url":"https://gist.github.com/06a120d0da1a639440fba718658a0710.git","git_push_url":"https://gist.github.com/06a120d0da1a639440fba718658a0710.git","html_url":"https://gist.github.com/06a120d0da1a639440fba718658a0710","files":{"Illustrator_Scale_Artboard_and_Artwork.jsx":{"filename":"Illustrator_Scale_Artboard_and_Artwork.jsx","type":"text/plain","language":"JavaScript","raw_url":"https://gist.githubusercontent.com/ibrahimrajabli/06a120d0da1a639440fba718658a0710/raw/0f4ea5359a5fb51bb0b113a908cc4c11be178de2/Illustrator_Scale_Artboard_and_Artwork.jsx","size":1435}},"public":true,"created_at":"2022-07-13T19:49:57Z","updated_at":"2022-07-13T19:49:58Z","description":"Illustrator_Scale_Artboard_and_Artwork","comments":0,"user":null,"comments_url":"https://api.github.com/gists/06a120d0da1a639440fba718658a0710/comments","owner":{"login":"ibrahimrajabli","id":23258765,"node_id":"MDQ6VXNlcjIzMjU4NzY1","avatar_url":"https://avatars.githubusercontent.com/u/23258765?v=4","gravatar_id":"","url":"https://api.github.com/users/ibrahimrajabli","html_url":"https://github.com/ibrahimrajabli","followers_url":"https://api.github.com/users/ibrahimrajabli/followers","following_url":"https://api.github.com/users/ibrahimrajabli/following{/other_user}","gists_url":"https://api.github.com/users/ibrahimrajabli/gists{/gist_id}","starred_url":"https://api.github.com/users/ibrahimrajabli/starred{/owner}{/repo}","subscriptions_url":"https://api.github.com/users/ibrahimrajabli/subscriptions","organizations_url":"https://api.github.com/users/ibrahimrajabli/orgs","repos_url":"https://api.github.com/users/ibrahimrajabli/repos","events_url":"https://api.github.com/users/ibrahimrajabli/events{/privacy}","received_events_url":"https://api.github.com/users/ibrahimrajabli/received_events","type":"User","site_admin":false},"truncated":false},{"url":"https://api.github.com/gists/f585a0f7e53b6aab32d3301a522f6c90","forks_url":"https://api.github.com/gists/f585a0f7e53b6aab32d3301a522f6c90/forks","commits_url":"https://api.github.com/gists/f585a0f7e53b6aab32d3301a522f6c90/commits","id":"f585a0f7e53b6aab32d3301a522f6c90","node_id":"G_kwDOAATeW9oAIGY1ODVhMGY3ZTUzYjZhYWIzMmQzMzAxYTUyMmY2Yzkw","git_pull_url":"https://gist.github.com/f585a0f7e53b6aab32d3301a522f6c90.git","git_push_url":"https://gist.github.com/f585a0f7e53b6aab32d3301a522f6c90.git","html_url":"https://gist.github.com/f585a0f7e53b6aab32d3301a522f6c90","files":{"words_alpha_missing.txt":{"filename":"words_alpha_missing.txt","type":"text/plain","language":"Text","raw_url":"https://gist.githubusercontent.com/Huacanacha/f585a0f7e53b6aab32d3301a522f6c90/raw/b104b2438c3b8140f971d4bc718363a93b780742/words_alpha_missing.txt","size":3864765}},"public":true,"created_at":"2022-07-13T19:49:49Z","updated_at":"2022-07-13T19:49:50Z","description":"","comments":0,"user":null,"comments_url":"https://api.github.com/gists/f585a0f7e53b6aab32d3301a522f6c90/comments","owner":{"login":"Huacanacha","id":319067,"node_id":"MDQ6VXNlcjMxOTA2Nw==","avatar_url":"https://avatars.githubusercontent.com/u/319067?v=4","gravatar_id":"","url":"https://api.github.com/users/Huacanacha","html_url":"https://github.com/Huacanacha","followers_url":"https://api.github.com/users/Huacanacha/followers","following_url":"https://api.github.com/users/Huacanacha/following{/other_user}","gists_url":"https://api.github.com/users/Huacanacha/gists{/gist_id}","starred_url":"https://api.github.com/users/Huacanacha/starred{/owner}{/repo}","subscriptions_url":"https://api.github.com/users/Huacanacha/subscriptions","organizations_url":"https://api.github.com/users/Huacanacha/orgs","repos_url":"https://api.github.com/users/Huacanacha/repos","events_url":"https://api.github.com/users/Huacanacha/events{/privacy}","received_events_url":"https://api.github.com/users/Huacanacha/received_events","type":"User","site_admin":false},"truncated":false},{"url":"https://api.github.com/gists/0f1e54ab4b7400ecf00c6d08379cd8ff","forks_url":"https://api.github.com/gists/0f1e54ab4b7400ecf00c6d08379cd8ff/forks","commits_url":"https://api.github.com/gists/0f1e54ab4b7400ecf00c6d08379cd8ff/commits","id":"0f1e54ab4b7400ecf00c6d08379cd8ff","node_id":"G_kwDOAMK0LNoAIDBmMWU1NGFiNGI3NDAwZWNmMDBjNmQwODM3OWNkOGZm","git_pull_url":"https://gist.github.com/0f1e54ab4b7400ecf00c6d08379cd8ff.git","git_push_url":"https://gist.github.com/0f1e54ab4b7400ecf00c6d08379cd8ff.git","html_url":"https://gist.github.com/0f1e54ab4b7400ecf00c6d08379cd8ff","files":{"README.md":{"filename":"README.md","type":"text/markdown","language":"Markdown","raw_url":"https://gist.githubusercontent.com/HPCCSmoketest/0f1e54ab4b7400ecf00c6d08379cd8ff/raw/6d542b70e2664cff3912418848e8e6db46c696e4/README.md","size":439},"result-22-07-13-19-48-50.log":{"filename":"result-22-07-13-19-48-50.log","type":"text/plain","language":null,"raw_url":"https://gist.githubusercontent.com/HPCCSmoketest/0f1e54ab4b7400ecf00c6d08379cd8ff/raw/90a4c5f5fa2f3ec5c150560fa2c47020c5e043ae/result-22-07-13-19-48-50.log","size":10315}},"public":true,"created_at":"2022-07-13T19:49:00Z","updated_at":"2022-07-13T19:49:01Z","description":"PR-16351","comments":0,"user":null,"comments_url":"https://api.github.com/gists/0f1e54ab4b7400ecf00c6d08379cd8ff/comments","owner":{"login":"HPCCSmoketest","id":12760108,"node_id":"MDQ6VXNlcjEyNzYwMTA4","avatar_url":"https://avatars.githubusercontent.com/u/12760108?v=4","gravatar_id":"","url":"https://api.github.com/users/HPCCSmoketest","html_url":"https://github.com/HPCCSmoketest","followers_url":"https://api.github.com/users/HPCCSmoketest/followers","following_url":"https://api.github.com/users/HPCCSmoketest/following{/other_user}","gists_url":"https://api.github.com/users/HPCCSmoketest/gists{/gist_id}","starred_url":"https://api.github.com/users/HPCCSmoketest/starred{/owner}{/repo}","subscriptions_url":"https://api.github.com/users/HPCCSmoketest/subscriptions","organizations_url":"https://api.github.com/users/HPCCSmoketest/orgs","repos_url":"https://api.github.com/users/HPCCSmoketest/repos","events_url":"https://api.github.com/users/HPCCSmoketest/events{/privacy}","received_events_url":"https://api.github.com/users/HPCCSmoketest/received_events","type":"User","site_admin":false},"truncated":false},{"url":"https://api.github.com/gists/3ffcab390bac95be647da1c14117a017","forks_url":"https://api.github.com/gists/3ffcab390bac95be647da1c14117a017/forks","commits_url":"https://api.github.com/gists/3ffcab390bac95be647da1c14117a017/commits","id":"3ffcab390bac95be647da1c14117a017","node_id":"G_kwDOAv4ZBNoAIDNmZmNhYjM5MGJhYzk1YmU2NDdkYTFjMTQxMTdhMDE3","git_pull_url":"https://gist.github.com/3ffcab390bac95be647da1c14117a017.git","git_push_url":"https://gist.github.com/3ffcab390bac95be647da1c14117a017.git","html_url":"https://gist.github.com/3ffcab390bac95be647da1c14117a017","files":{"Tabuadas":{"filename":"Tabuadas","type":"text/plain","language":null,"raw_url":"https://gist.githubusercontent.com/alexzkl/3ffcab390bac95be647da1c14117a017/raw/b3e8b0117802522026f91726668f75d484292c42/Tabuadas","size":570}},"public":true,"created_at":"2022-07-13T19:47:49Z","updated_at":"2022-07-13T19:48:20Z","description":"Todas as Tabuadas","comments":0,"user":null,"comments_url":"https://api.github.com/gists/3ffcab390bac95be647da1c14117a017/comments","owner":{"login":"alexzkl","id":50206980,"node_id":"MDQ6VXNlcjUwMjA2OTgw","avatar_url":"https://avatars.githubusercontent.com/u/50206980?v=4","gravatar_id":"","url":"https://api.github.com/users/alexzkl","html_url":"https://github.com/alexzkl","followers_url":"https://api.github.com/users/alexzkl/followers","following_url":"https://api.github.com/users/alexzkl/following{/other_user}","gists_url":"https://api.github.com/users/alexzkl/gists{/gist_id}","starred_url":"https://api.github.com/users/alexzkl/starred{/owner}{/repo}","subscriptions_url":"https://api.github.com/users/alexzkl/subscriptions","organizations_url":"https://api.github.com/users/alexzkl/orgs","repos_url":"https://api.github.com/users/alexzkl/repos","events_url":"https://api.github.com/users/alexzkl/events{/privacy}","received_events_url":"https://api.github.com/users/alexzkl/received_events","type":"User","site_admin":false},"truncated":false},{"url":"https://api.github.com/gists/784e358c643e6392c2fb7e6abf6e68d6","forks_url":"https://api.github.com/gists/784e358c643e6392c2fb7e6abf6e68d6/forks","commits_url":"https://api.github.com/gists/784e358c643e6392c2fb7e6abf6e68d6/commits","id":"784e358c643e6392c2fb7e6abf6e68d6","node_id":"G_kwDOAMK0LNoAIDc4NGUzNThjNjQzZTYzOTJjMmZiN2U2YWJmNmU2OGQ2","git_pull_url":"https://gist.github.com/784e358c643e6392c2fb7e6abf6e68d6.git","git_push_url":"https://gist.github.com/784e358c643e6392c2fb7e6abf6e68d6.git","html_url":"https://gist.github.com/784e358c643e6392c2fb7e6abf6e68d6","files":{"README.md":{"filename":"README.md","type":"text/markdown","language":"Markdown","raw_url":"https://gist.githubusercontent.com/HPCCSmoketest/784e358c643e6392c2fb7e6abf6e68d6/raw/a9569b24e6778b9f77ae83e8eb43cc8e851b57c9/README.md","size":441},"result-22-07-13-19-47-18.log":{"filename":"result-22-07-13-19-47-18.log","type":"text/plain","language":null,"raw_url":"https://gist.githubusercontent.com/HPCCSmoketest/784e358c643e6392c2fb7e6abf6e68d6/raw/7fdd71eb559312bf71ae3e296c56f34194db8322/result-22-07-13-19-47-18.log","size":10625}},"public":true,"created_at":"2022-07-13T19:47:43Z","updated_at":"2022-07-13T19:47:44Z","description":"PR-16351","comments":0,"user":null,"comments_url":"https://api.github.com/gists/784e358c643e6392c2fb7e6abf6e68d6/comments","owner":{"login":"HPCCSmoketest","id":12760108,"node_id":"MDQ6VXNlcjEyNzYwMTA4","avatar_url":"https://avatars.githubusercontent.com/u/12760108?v=4","gravatar_id":"","url":"https://api.github.com/users/HPCCSmoketest","html_url":"https://github.com/HPCCSmoketest","followers_url":"https://api.github.com/users/HPCCSmoketest/followers","following_url":"https://api.github.com/users/HPCCSmoketest/following{/other_user}","gists_url":"https://api.github.com/users/HPCCSmoketest/gists{/gist_id}","starred_url":"https://api.github.com/users/HPCCSmoketest/starred{/owner}{/repo}","subscriptions_url":"https://api.github.com/users/HPCCSmoketest/subscriptions","organizations_url":"https://api.github.com/users/HPCCSmoketest/orgs","repos_url":"https://api.github.com/users/HPCCSmoketest/repos","events_url":"https://api.github.com/users/HPCCSmoketest/events{/privacy}","received_events_url":"https://api.github.com/users/HPCCSmoketest/received_events","type":"User","site_admin":false},"truncated":false},{"url":"https://api.github.com/gists/6e530596a4e3727ff936d481e7a24b87","forks_url":"https://api.github.com/gists/6e530596a4e3727ff936d481e7a24b87/forks","commits_url":"https://api.github.com/gists/6e530596a4e3727ff936d481e7a24b87/commits","id":"6e530596a4e3727ff936d481e7a24b87","node_id":"G_kwDOABf1xdoAIDZlNTMwNTk2YTRlMzcyN2ZmOTM2ZDQ4MWU3YTI0Yjg3","git_pull_url":"https://gist.github.com/6e530596a4e3727ff936d481e7a24b87.git","git_push_url":"https://gist.github.com/6e530596a4e3727ff936d481e7a24b87.git","html_url":"https://gist.github.com/6e530596a4e3727ff936d481e7a24b87","files":{"abcbench.py":{"filename":"abcbench.py","type":"application/x-python","language":"Python","raw_url":"https://gist.githubusercontent.com/luhn/6e530596a4e3727ff936d481e7a24b87/raw/0959c0e98766a49478a783ecb31ac7106c2d0432/abcbench.py","size":502},"results.txt":{"filename":"results.txt","type":"text/plain","language":"Text","raw_url":"https://gist.githubusercontent.com/luhn/6e530596a4e3727ff936d481e7a24b87/raw/368465aeba6a414535231fc1e48d39fcbe205342/results.txt","size":24}},"public":true,"created_at":"2022-07-13T19:47:10Z","updated_at":"2022-07-13T19:47:10Z","description":"ABC Benchmark","comments":0,"user":null,"comments_url":"https://api.github.com/gists/6e530596a4e3727ff936d481e7a24b87/comments","owner":{"login":"luhn","id":1570245,"node_id":"MDQ6VXNlcjE1NzAyNDU=","avatar_url":"https://avatars.githubusercontent.com/u/1570245?v=4","gravatar_id":"","url":"https://api.github.com/users/luhn","html_url":"https://github.com/luhn","followers_url":"https://api.github.com/users/luhn/followers","following_url":"https://api.github.com/users/luhn/following{/other_user}","gists_url":"https://api.github.com/users/luhn/gists{/gist_id}","starred_url":"https://api.github.com/users/luhn/starred{/owner}{/repo}","subscriptions_url":"https://api.github.com/users/luhn/subscriptions","organizations_url":"https://api.github.com/users/luhn/orgs","repos_url":"https://api.github.com/users/luhn/repos","events_url":"https://api.github.com/users/luhn/events{/privacy}","received_events_url":"https://api.github.com/users/luhn/received_events","type":"User","site_admin":false},"truncated":false},{"url":"https://api.github.com/gists/4c4ec00e097b3c9a54f686ddf75b8be4","forks_url":"https://api.github.com/gists/4c4ec00e097b3c9a54f686ddf75b8be4/forks","commits_url":"https://api.github.com/gists/4c4ec00e097b3c9a54f686ddf75b8be4/commits","id":"4c4ec00e097b3c9a54f686ddf75b8be4","node_id":"G_kwDOADqZtdoAIDRjNGVjMDBlMDk3YjNjOWE1NGY2ODZkZGY3NWI4YmU0","git_pull_url":"https://gist.github.com/4c4ec00e097b3c9a54f686ddf75b8be4.git","git_push_url":"https://gist.github.com/4c4ec00e097b3c9a54f686ddf75b8be4.git","html_url":"https://gist.github.com/4c4ec00e097b3c9a54f686ddf75b8be4","files":{"easybuild_test_report_15856_easybuilders_preasybuild-easyconfigs_20224613-UTC-19-46-45.md":{"filename":"easybuild_test_report_15856_easybuilders_preasybuild-easyconfigs_20224613-UTC-19-46-45.md","type":"text/markdown","language":"Markdown","raw_url":"https://gist.githubusercontent.com/ocaisa/4c4ec00e097b3c9a54f686ddf75b8be4/raw/02b43479eced085d93de10b2d33515bdf8e431e8/easybuild_test_report_15856_easybuilders_preasybuild-easyconfigs_20224613-UTC-19-46-45.md","size":15752}},"public":true,"created_at":"2022-07-13T19:46:45Z","updated_at":"2022-07-13T19:46:45Z","description":"EasyBuild test report for easybuilders/easybuild-easyconfigs PR(s) #15856","comments":0,"user":null,"comments_url":"https://api.github.com/gists/4c4ec00e097b3c9a54f686ddf75b8be4/comments","owner":{"login":"ocaisa","id":3840437,"node_id":"MDQ6VXNlcjM4NDA0Mzc=","avatar_url":"https://avatars.githubusercontent.com/u/3840437?v=4","gravatar_id":"","url":"https://api.github.com/users/ocaisa","html_url":"https://github.com/ocaisa","followers_url":"https://api.github.com/users/ocaisa/followers","following_url":"https://api.github.com/users/ocaisa/following{/other_user}","gists_url":"https://api.github.com/users/ocaisa/gists{/gist_id}","starred_url":"https://api.github.com/users/ocaisa/starred{/owner}{/repo}","subscriptions_url":"https://api.github.com/users/ocaisa/subscriptions","organizations_url":"https://api.github.com/users/ocaisa/orgs","repos_url":"https://api.github.com/users/ocaisa/repos","events_url":"https://api.github.com/users/ocaisa/events{/privacy}","received_events_url":"https://api.github.com/users/ocaisa/received_events","type":"User","site_admin":false},"truncated":false},{"url":"https://api.github.com/gists/080635df713e0400320d40c7a8ab7afe","forks_url":"https://api.github.com/gists/080635df713e0400320d40c7a8ab7afe/forks","commits_url":"https://api.github.com/gists/080635df713e0400320d40c7a8ab7afe/commits","id":"080635df713e0400320d40c7a8ab7afe","node_id":"G_kwDOAv4ZBNoAIDA4MDYzNWRmNzEzZTA0MDAzMjBkNDBjN2E4YWI3YWZl","git_pull_url":"https://gist.github.com/080635df713e0400320d40c7a8ab7afe.git","git_push_url":"https://gist.github.com/080635df713e0400320d40c7a8ab7afe.git","html_url":"https://gist.github.com/080635df713e0400320d40c7a8ab7afe","files":{"Calculo para carros":{"filename":"Calculo para carros","type":"text/plain","language":null,"raw_url":"https://gist.githubusercontent.com/alexzkl/080635df713e0400320d40c7a8ab7afe/raw/28cd60dea5dc1162f1090e4227e8de42d306db05/Calculo%20para%20carros","size":193}},"public":true,"created_at":"2022-07-13T19:46:40Z","updated_at":"2022-07-13T19:48:32Z","description":"Calcular quantos Km/litros do seu carro","comments":0,"user":null,"comments_url":"https://api.github.com/gists/080635df713e0400320d40c7a8ab7afe/comments","owner":{"login":"alexzkl","id":50206980,"node_id":"MDQ6VXNlcjUwMjA2OTgw","avatar_url":"https://avatars.githubusercontent.com/u/50206980?v=4","gravatar_id":"","url":"https://api.github.com/users/alexzkl","html_url":"https://github.com/alexzkl","followers_url":"https://api.github.com/users/alexzkl/followers","following_url":"https://api.github.com/users/alexzkl/following{/other_user}","gists_url":"https://api.github.com/users/alexzkl/gists{/gist_id}","starred_url":"https://api.github.com/users/alexzkl/starred{/owner}{/repo}","subscriptions_url":"https://api.github.com/users/alexzkl/subscriptions","organizations_url":"https://api.github.com/users/alexzkl/orgs","repos_url":"https://api.github.com/users/alexzkl/repos","events_url":"https://api.github.com/users/alexzkl/events{/privacy}","received_events_url":"https://api.github.com/users/alexzkl/received_events","type":"User","site_admin":false},"truncated":false},{"url":"https://api.github.com/gists/a91e394c1d8db547827ca6e2d803ea7c","forks_url":"https://api.github.com/gists/a91e394c1d8db547827ca6e2d803ea7c/forks","commits_url":"https://api.github.com/gists/a91e394c1d8db547827ca6e2d803ea7c/commits","id":"a91e394c1d8db547827ca6e2d803ea7c","node_id":"G_kwDOAYRM6toAIGE5MWUzOTRjMWQ4ZGI1NDc4MjdjYTZlMmQ4MDNlYTdj","git_pull_url":"https://gist.github.com/a91e394c1d8db547827ca6e2d803ea7c.git","git_push_url":"https://gist.github.com/a91e394c1d8db547827ca6e2d803ea7c.git","html_url":"https://gist.github.com/a91e394c1d8db547827ca6e2d803ea7c","files":{"Potential Maintainers":{"filename":"Potential Maintainers","type":"text/plain","language":null,"raw_url":"https://gist.githubusercontent.com/GrahamcOfBorg/a91e394c1d8db547827ca6e2d803ea7c/raw/cbe452f339900e409b8310606e67dd893d0fe211/Potential%20Maintainers","size":352}},"public":true,"created_at":"2022-07-13T19:46:31Z","updated_at":"2022-07-13T19:46:31Z","description":"","comments":0,"user":null,"comments_url":"https://api.github.com/gists/a91e394c1d8db547827ca6e2d803ea7c/comments","owner":{"login":"GrahamcOfBorg","id":25447658,"node_id":"MDQ6VXNlcjI1NDQ3NjU4","avatar_url":"https://avatars.githubusercontent.com/u/25447658?v=4","gravatar_id":"","url":"https://api.github.com/users/GrahamcOfBorg","html_url":"https://github.com/GrahamcOfBorg","followers_url":"https://api.github.com/users/GrahamcOfBorg/followers","following_url":"https://api.github.com/users/GrahamcOfBorg/following{/other_user}","gists_url":"https://api.github.com/users/GrahamcOfBorg/gists{/gist_id}","starred_url":"https://api.github.com/users/GrahamcOfBorg/starred{/owner}{/repo}","subscriptions_url":"https://api.github.com/users/GrahamcOfBorg/subscriptions","organizations_url":"https://api.github.com/users/GrahamcOfBorg/orgs","repos_url":"https://api.github.com/users/GrahamcOfBorg/repos","events_url":"https://api.github.com/users/GrahamcOfBorg/events{/privacy}","received_events_url":"https://api.github.com/users/GrahamcOfBorg/received_events","type":"User","site_admin":false},"truncated":false},{"url":"https://api.github.com/gists/716748999cadb67cafba4731d658aca7","forks_url":"https://api.github.com/gists/716748999cadb67cafba4731d658aca7/forks","commits_url":"https://api.github.com/gists/716748999cadb67cafba4731d658aca7/commits","id":"716748999cadb67cafba4731d658aca7","node_id":"G_kwDOAYRM6toAIDcxNjc0ODk5OWNhZGI2N2NhZmJhNDczMWQ2NThhY2E3","git_pull_url":"https://gist.github.com/716748999cadb67cafba4731d658aca7.git","git_push_url":"https://gist.github.com/716748999cadb67cafba4731d658aca7.git","html_url":"https://gist.github.com/716748999cadb67cafba4731d658aca7","files":{"Changed Paths":{"filename":"Changed Paths","type":"text/plain","language":null,"raw_url":"https://gist.githubusercontent.com/GrahamcOfBorg/716748999cadb67cafba4731d658aca7/raw/07328e9bf473bfad9b9b806fe2d23366627c6a1a/Changed%20Paths","size":419}},"public":true,"created_at":"2022-07-13T19:46:30Z","updated_at":"2022-07-13T19:46:31Z","description":"","comments":0,"user":null,"comments_url":"https://api.github.com/gists/716748999cadb67cafba4731d658aca7/comments","owner":{"login":"GrahamcOfBorg","id":25447658,"node_id":"MDQ6VXNlcjI1NDQ3NjU4","avatar_url":"https://avatars.githubusercontent.com/u/25447658?v=4","gravatar_id":"","url":"https://api.github.com/users/GrahamcOfBorg","html_url":"https://github.com/GrahamcOfBorg","followers_url":"https://api.github.com/users/GrahamcOfBorg/followers","following_url":"https://api.github.com/users/GrahamcOfBorg/following{/other_user}","gists_url":"https://api.github.com/users/GrahamcOfBorg/gists{/gist_id}","starred_url":"https://api.github.com/users/GrahamcOfBorg/starred{/owner}{/repo}","subscriptions_url":"https://api.github.com/users/GrahamcOfBorg/subscriptions","organizations_url":"https://api.github.com/users/GrahamcOfBorg/orgs","repos_url":"https://api.github.com/users/GrahamcOfBorg/repos","events_url":"https://api.github.com/users/GrahamcOfBorg/events{/privacy}","received_events_url":"https://api.github.com/users/GrahamcOfBorg/received_events","type":"User","site_admin":false},"truncated":false},{"url":"https://api.github.com/gists/17fd7bbab70f0fc2e6ef6b4890d9b792","forks_url":"https://api.github.com/gists/17fd7bbab70f0fc2e6ef6b4890d9b792/forks","commits_url":"https://api.github.com/gists/17fd7bbab70f0fc2e6ef6b4890d9b792/commits","id":"17fd7bbab70f0fc2e6ef6b4890d9b792","node_id":"G_kwDOBmW55toAIDE3ZmQ3YmJhYjcwZjBmYzJlNmVmNmI0ODkwZDliNzky","git_pull_url":"https://gist.github.com/17fd7bbab70f0fc2e6ef6b4890d9b792.git","git_push_url":"https://gist.github.com/17fd7bbab70f0fc2e6ef6b4890d9b792.git","html_url":"https://gist.github.com/17fd7bbab70f0fc2e6ef6b4890d9b792","files":{"ImprovedGUI.py":{"filename":"ImprovedGUI.py","type":"application/x-python","language":"Python","raw_url":"https://gist.githubusercontent.com/LucasOB56/17fd7bbab70f0fc2e6ef6b4890d9b792/raw/a9f31d20bef9d86e195171806ead845a7120c18f/ImprovedGUI.py","size":23268}},"public":true,"created_at":"2022-07-13T19:45:50Z","updated_at":"2022-07-13T19:46:14Z","description":"","comments":0,"user":null,"comments_url":"https://api.github.com/gists/17fd7bbab70f0fc2e6ef6b4890d9b792/comments","owner":{"login":"LucasOB56","id":107330022,"node_id":"U_kgDOBmW55g","avatar_url":"https://avatars.githubusercontent.com/u/107330022?v=4","gravatar_id":"","url":"https://api.github.com/users/LucasOB56","html_url":"https://github.com/LucasOB56","followers_url":"https://api.github.com/users/LucasOB56/followers","following_url":"https://api.github.com/users/LucasOB56/following{/other_user}","gists_url":"https://api.github.com/users/LucasOB56/gists{/gist_id}","starred_url":"https://api.github.com/users/LucasOB56/starred{/owner}{/repo}","subscriptions_url":"https://api.github.com/users/LucasOB56/subscriptions","organizations_url":"https://api.github.com/users/LucasOB56/orgs","repos_url":"https://api.github.com/users/LucasOB56/repos","events_url":"https://api.github.com/users/LucasOB56/events{/privacy}","received_events_url":"https://api.github.com/users/LucasOB56/received_events","type":"User","site_admin":false},"truncated":false},{"url":"https://api.github.com/gists/f4bcb8d950439bca29ca6b5fa13c5a4b","forks_url":"https://api.github.com/gists/f4bcb8d950439bca29ca6b5fa13c5a4b/forks","commits_url":"https://api.github.com/gists/f4bcb8d950439bca29ca6b5fa13c5a4b/commits","id":"f4bcb8d950439bca29ca6b5fa13c5a4b","node_id":"G_kwDOAv4ZBNoAIGY0YmNiOGQ5NTA0MzliY2EyOWNhNmI1ZmExM2M1YTRi","git_pull_url":"https://gist.github.com/f4bcb8d950439bca29ca6b5fa13c5a4b.git","git_push_url":"https://gist.github.com/f4bcb8d950439bca29ca6b5fa13c5a4b.git","html_url":"https://gist.github.com/f4bcb8d950439bca29ca6b5fa13c5a4b","files":{"Calculadora":{"filename":"Calculadora","type":"text/plain","language":null,"raw_url":"https://gist.githubusercontent.com/alexzkl/f4bcb8d950439bca29ca6b5fa13c5a4b/raw/5e56b04f80cb427e1a7566ee1fdac3ed28f48126/Calculadora","size":451}},"public":true,"created_at":"2022-07-13T19:45:44Z","updated_at":"2022-07-13T19:48:27Z","description":"Uma Calculadora","comments":0,"user":null,"comments_url":"https://api.github.com/gists/f4bcb8d950439bca29ca6b5fa13c5a4b/comments","owner":{"login":"alexzkl","id":50206980,"node_id":"MDQ6VXNlcjUwMjA2OTgw","avatar_url":"https://avatars.githubusercontent.com/u/50206980?v=4","gravatar_id":"","url":"https://api.github.com/users/alexzkl","html_url":"https://github.com/alexzkl","followers_url":"https://api.github.com/users/alexzkl/followers","following_url":"https://api.github.com/users/alexzkl/following{/other_user}","gists_url":"https://api.github.com/users/alexzkl/gists{/gist_id}","starred_url":"https://api.github.com/users/alexzkl/starred{/owner}{/repo}","subscriptions_url":"https://api.github.com/users/alexzkl/subscriptions","organizations_url":"https://api.github.com/users/alexzkl/orgs","repos_url":"https://api.github.com/users/alexzkl/repos","events_url":"https://api.github.com/users/alexzkl/events{/privacy}","received_events_url":"https://api.github.com/users/alexzkl/received_events","type":"User","site_admin":false},"truncated":false},{"url":"https://api.github.com/gists/7a8bc6970dcccbaaabeb08eb054577e1","forks_url":"https://api.github.com/gists/7a8bc6970dcccbaaabeb08eb054577e1/forks","commits_url":"https://api.github.com/gists/7a8bc6970dcccbaaabeb08eb054577e1/commits","id":"7a8bc6970dcccbaaabeb08eb054577e1","node_id":"G_kwDOACgod9oAIDdhOGJjNjk3MGRjY2NiYWFhYmViMDhlYjA1NDU3N2Ux","git_pull_url":"https://gist.github.com/7a8bc6970dcccbaaabeb08eb054577e1.git","git_push_url":"https://gist.github.com/7a8bc6970dcccbaaabeb08eb054577e1.git","html_url":"https://gist.github.com/7a8bc6970dcccbaaabeb08eb054577e1","files":{"wistia_starwars.html":{"filename":"wistia_starwars.html","type":"text/html","language":"HTML","raw_url":"https://gist.githubusercontent.com/GuyPaddock/7a8bc6970dcccbaaabeb08eb054577e1/raw/1f1d876a4ebd2bf633fd30688ff35b8ff65c2814/wistia_starwars.html","size":410}},"public":true,"created_at":"2022-07-13T19:45:10Z","updated_at":"2022-07-13T19:45:10Z","description":"Wistia's \"Star Wars\" Terms of Service ","comments":0,"user":null,"comments_url":"https://api.github.com/gists/7a8bc6970dcccbaaabeb08eb054577e1/comments","owner":{"login":"GuyPaddock","id":2631799,"node_id":"MDQ6VXNlcjI2MzE3OTk=","avatar_url":"https://avatars.githubusercontent.com/u/2631799?v=4","gravatar_id":"","url":"https://api.github.com/users/GuyPaddock","html_url":"https://github.com/GuyPaddock","followers_url":"https://api.github.com/users/GuyPaddock/followers","following_url":"https://api.github.com/users/GuyPaddock/following{/other_user}","gists_url":"https://api.github.com/users/GuyPaddock/gists{/gist_id}","starred_url":"https://api.github.com/users/GuyPaddock/starred{/owner}{/repo}","subscriptions_url":"https://api.github.com/users/GuyPaddock/subscriptions","organizations_url":"https://api.github.com/users/GuyPaddock/orgs","repos_url":"https://api.github.com/users/GuyPaddock/repos","events_url":"https://api.github.com/users/GuyPaddock/events{/privacy}","received_events_url":"https://api.github.com/users/GuyPaddock/received_events","type":"User","site_admin":false},"truncated":false},{"url":"https://api.github.com/gists/77568ca59b73ed6ac0f18e94c62757b0","forks_url":"https://api.github.com/gists/77568ca59b73ed6ac0f18e94c62757b0/forks","commits_url":"https://api.github.com/gists/77568ca59b73ed6ac0f18e94c62757b0/commits","id":"77568ca59b73ed6ac0f18e94c62757b0","node_id":"G_kwDOAAJ8uNoAIDc3NTY4Y2E1OWI3M2VkNmFjMGYxOGU5NGM2Mjc1N2Iw","git_pull_url":"https://gist.github.com/77568ca59b73ed6ac0f18e94c62757b0.git","git_push_url":"https://gist.github.com/77568ca59b73ed6ac0f18e94c62757b0.git","html_url":"https://gist.github.com/77568ca59b73ed6ac0f18e94c62757b0","files":{"ros2.repos":{"filename":"ros2.repos","type":"text/plain","language":null,"raw_url":"https://gist.githubusercontent.com/clalancette/77568ca59b73ed6ac0f18e94c62757b0/raw/a081ad92d61e80563b85262feb19ee107ad9bba5/ros2.repos","size":11802}},"public":true,"created_at":"2022-07-13T19:45:06Z","updated_at":"2022-07-13T19:45:06Z","description":"Generated repos file for https://github.com/ros2/rcutils/pull/366","comments":0,"user":null,"comments_url":"https://api.github.com/gists/77568ca59b73ed6ac0f18e94c62757b0/comments","owner":{"login":"clalancette","id":163000,"node_id":"MDQ6VXNlcjE2MzAwMA==","avatar_url":"https://avatars.githubusercontent.com/u/163000?v=4","gravatar_id":"","url":"https://api.github.com/users/clalancette","html_url":"https://github.com/clalancette","followers_url":"https://api.github.com/users/clalancette/followers","following_url":"https://api.github.com/users/clalancette/following{/other_user}","gists_url":"https://api.github.com/users/clalancette/gists{/gist_id}","starred_url":"https://api.github.com/users/clalancette/starred{/owner}{/repo}","subscriptions_url":"https://api.github.com/users/clalancette/subscriptions","organizations_url":"https://api.github.com/users/clalancette/orgs","repos_url":"https://api.github.com/users/clalancette/repos","events_url":"https://api.github.com/users/clalancette/events{/privacy}","received_events_url":"https://api.github.com/users/clalancette/received_events","type":"User","site_admin":false},"truncated":false},{"url":"https://api.github.com/gists/de0b676dbdf79219bc6591fe8c4598ed","forks_url":"https://api.github.com/gists/de0b676dbdf79219bc6591fe8c4598ed/forks","commits_url":"https://api.github.com/gists/de0b676dbdf79219bc6591fe8c4598ed/commits","id":"de0b676dbdf79219bc6591fe8c4598ed","node_id":"G_kwDOARWVM9oAIGRlMGI2NzZkYmRmNzkyMTliYzY1OTFmZThjNDU5OGVk","git_pull_url":"https://gist.github.com/de0b676dbdf79219bc6591fe8c4598ed.git","git_push_url":"https://gist.github.com/de0b676dbdf79219bc6591fe8c4598ed.git","html_url":"https://gist.github.com/de0b676dbdf79219bc6591fe8c4598ed","files":{"check_upd_euclidean_faiss":{"filename":"check_upd_euclidean_faiss","type":"text/plain","language":null,"raw_url":"https://gist.githubusercontent.com/ldevyataykina/de0b676dbdf79219bc6591fe8c4598ed/raw/78bc41f860289042efe68173dde1ea648063ef0d/check_upd_euclidean_faiss","size":48}},"public":true,"created_at":"2022-07-13T19:44:49Z","updated_at":"2022-07-13T19:44:49Z","description":"","comments":0,"user":null,"comments_url":"https://api.github.com/gists/de0b676dbdf79219bc6591fe8c4598ed/comments","owner":{"login":"ldevyataykina","id":18191667,"node_id":"MDQ6VXNlcjE4MTkxNjY3","avatar_url":"https://avatars.githubusercontent.com/u/18191667?v=4","gravatar_id":"","url":"https://api.github.com/users/ldevyataykina","html_url":"https://github.com/ldevyataykina","followers_url":"https://api.github.com/users/ldevyataykina/followers","following_url":"https://api.github.com/users/ldevyataykina/following{/other_user}","gists_url":"https://api.github.com/users/ldevyataykina/gists{/gist_id}","starred_url":"https://api.github.com/users/ldevyataykina/starred{/owner}{/repo}","subscriptions_url":"https://api.github.com/users/ldevyataykina/subscriptions","organizations_url":"https://api.github.com/users/ldevyataykina/orgs","repos_url":"https://api.github.com/users/ldevyataykina/repos","events_url":"https://api.github.com/users/ldevyataykina/events{/privacy}","received_events_url":"https://api.github.com/users/ldevyataykina/received_events","type":"User","site_admin":false},"truncated":false},{"url":"https://api.github.com/gists/6744da1654b2d8d196a83bc89581d4ae","forks_url":"https://api.github.com/gists/6744da1654b2d8d196a83bc89581d4ae/forks","commits_url":"https://api.github.com/gists/6744da1654b2d8d196a83bc89581d4ae/commits","id":"6744da1654b2d8d196a83bc89581d4ae","node_id":"G_kwDOANSM6doAIDY3NDRkYTE2NTRiMmQ4ZDE5NmE4M2JjODk1ODFkNGFl","git_pull_url":"https://gist.github.com/6744da1654b2d8d196a83bc89581d4ae.git","git_push_url":"https://gist.github.com/6744da1654b2d8d196a83bc89581d4ae.git","html_url":"https://gist.github.com/6744da1654b2d8d196a83bc89581d4ae","files":{"I-1.cpp":{"filename":"I-1.cpp","type":"text/plain","language":"C++","raw_url":"https://gist.githubusercontent.com/hari983/6744da1654b2d8d196a83bc89581d4ae/raw/5f81579adff3ace4e67830a7ad70b0a5be8f63c6/I-1.cpp","size":79}},"public":true,"created_at":"2022-07-13T19:44:42Z","updated_at":"2022-07-13T19:44:42Z","description":"","comments":0,"user":null,"comments_url":"https://api.github.com/gists/6744da1654b2d8d196a83bc89581d4ae/comments","owner":{"login":"hari983","id":13929705,"node_id":"MDQ6VXNlcjEzOTI5NzA1","avatar_url":"https://avatars.githubusercontent.com/u/13929705?v=4","gravatar_id":"","url":"https://api.github.com/users/hari983","html_url":"https://github.com/hari983","followers_url":"https://api.github.com/users/hari983/followers","following_url":"https://api.github.com/users/hari983/following{/other_user}","gists_url":"https://api.github.com/users/hari983/gists{/gist_id}","starred_url":"https://api.github.com/users/hari983/starred{/owner}{/repo}","subscriptions_url":"https://api.github.com/users/hari983/subscriptions","organizations_url":"https://api.github.com/users/hari983/orgs","repos_url":"https://api.github.com/users/hari983/repos","events_url":"https://api.github.com/users/hari983/events{/privacy}","received_events_url":"https://api.github.com/users/hari983/received_events","type":"User","site_admin":false},"truncated":false},{"url":"https://api.github.com/gists/46fd529b31edce721005d3100b57068c","forks_url":"https://api.github.com/gists/46fd529b31edce721005d3100b57068c/forks","commits_url":"https://api.github.com/gists/46fd529b31edce721005d3100b57068c/commits","id":"46fd529b31edce721005d3100b57068c","node_id":"G_kwDOBoLxZ9oAIDQ2ZmQ1MjliMzFlZGNlNzIxMDA1ZDMxMDBiNTcwNjhj","git_pull_url":"https://gist.github.com/46fd529b31edce721005d3100b57068c.git","git_push_url":"https://gist.github.com/46fd529b31edce721005d3100b57068c.git","html_url":"https://gist.github.com/46fd529b31edce721005d3100b57068c","files":{"hehe.txt":{"filename":"hehe.txt","type":"text/plain","language":"Text","raw_url":"https://gist.githubusercontent.com/xtbhyn/46fd529b31edce721005d3100b57068c/raw/c61d78825c3922d3b459306ff8112f6bcd49b7f9/hehe.txt","size":774}},"public":true,"created_at":"2022-07-13T19:42:32Z","updated_at":"2022-07-13T19:42:48Z","description":"Tampermonkey script to hide link posts on IndieHackers.com","comments":0,"user":null,"comments_url":"https://api.github.com/gists/46fd529b31edce721005d3100b57068c/comments","owner":{"login":"xtbhyn","id":109244775,"node_id":"U_kgDOBoLxZw","avatar_url":"https://avatars.githubusercontent.com/u/109244775?v=4","gravatar_id":"","url":"https://api.github.com/users/xtbhyn","html_url":"https://github.com/xtbhyn","followers_url":"https://api.github.com/users/xtbhyn/followers","following_url":"https://api.github.com/users/xtbhyn/following{/other_user}","gists_url":"https://api.github.com/users/xtbhyn/gists{/gist_id}","starred_url":"https://api.github.com/users/xtbhyn/starred{/owner}{/repo}","subscriptions_url":"https://api.github.com/users/xtbhyn/subscriptions","organizations_url":"https://api.github.com/users/xtbhyn/orgs","repos_url":"https://api.github.com/users/xtbhyn/repos","events_url":"https://api.github.com/users/xtbhyn/events{/privacy}","received_events_url":"https://api.github.com/users/xtbhyn/received_events","type":"User","site_admin":false},"truncated":false},{"url":"https://api.github.com/gists/4cc206be6647b3f5ce14a84ad743f24d","forks_url":"https://api.github.com/gists/4cc206be6647b3f5ce14a84ad743f24d/forks","commits_url":"https://api.github.com/gists/4cc206be6647b3f5ce14a84ad743f24d/commits","id":"4cc206be6647b3f5ce14a84ad743f24d","node_id":"G_kwDOA_S8udoAIDRjYzIwNmJlNjY0N2IzZjVjZTE0YTg0YWQ3NDNmMjRk","git_pull_url":"https://gist.github.com/4cc206be6647b3f5ce14a84ad743f24d.git","git_push_url":"https://gist.github.com/4cc206be6647b3f5ce14a84ad743f24d.git","html_url":"https://gist.github.com/4cc206be6647b3f5ce14a84ad743f24d","files":{"ping.ts":{"filename":"ping.ts","type":"video/MP2T","language":"TypeScript","raw_url":"https://gist.githubusercontent.com/ros2jsguy/4cc206be6647b3f5ce14a84ad743f24d/raw/c777afdca54fb0043f14da7185214b0974652fb6/ping.ts","size":549}},"public":true,"created_at":"2022-07-13T19:42:31Z","updated_at":"2022-07-13T19:42:32Z","description":"AirSim-js ping.ts example","comments":0,"user":null,"comments_url":"https://api.github.com/gists/4cc206be6647b3f5ce14a84ad743f24d/comments","owner":{"login":"ros2jsguy","id":66370745,"node_id":"MDQ6VXNlcjY2MzcwNzQ1","avatar_url":"https://avatars.githubusercontent.com/u/66370745?v=4","gravatar_id":"","url":"https://api.github.com/users/ros2jsguy","html_url":"https://github.com/ros2jsguy","followers_url":"https://api.github.com/users/ros2jsguy/followers","following_url":"https://api.github.com/users/ros2jsguy/following{/other_user}","gists_url":"https://api.github.com/users/ros2jsguy/gists{/gist_id}","starred_url":"https://api.github.com/users/ros2jsguy/starred{/owner}{/repo}","subscriptions_url":"https://api.github.com/users/ros2jsguy/subscriptions","organizations_url":"https://api.github.com/users/ros2jsguy/orgs","repos_url":"https://api.github.com/users/ros2jsguy/repos","events_url":"https://api.github.com/users/ros2jsguy/events{/privacy}","received_events_url":"https://api.github.com/users/ros2jsguy/received_events","type":"User","site_admin":false},"truncated":false},{"url":"https://api.github.com/gists/2f993d57baf86aa84256efa3f8869489","forks_url":"https://api.github.com/gists/2f993d57baf86aa84256efa3f8869489/forks","commits_url":"https://api.github.com/gists/2f993d57baf86aa84256efa3f8869489/commits","id":"2f993d57baf86aa84256efa3f8869489","node_id":"G_kwDOBgD2HtoAIDJmOTkzZDU3YmFmODZhYTg0MjU2ZWZhM2Y4ODY5NDg5","git_pull_url":"https://gist.github.com/2f993d57baf86aa84256efa3f8869489.git","git_push_url":"https://gist.github.com/2f993d57baf86aa84256efa3f8869489.git","html_url":"https://gist.github.com/2f993d57baf86aa84256efa3f8869489","files":{"HavaSicakliginaGoreEtkinlikOnerme.java":{"filename":"HavaSicakliginaGoreEtkinlikOnerme.java","type":"text/x-java-source","language":"Java","raw_url":"https://gist.githubusercontent.com/aryesilmen/2f993d57baf86aa84256efa3f8869489/raw/cca0060bcbe11e8e5b7db04745cf3030ba20a40d/HavaSicakliginaGoreEtkinlikOnerme.java","size":874}},"public":true,"created_at":"2022-07-13T19:42:28Z","updated_at":"2022-07-13T19:42:28Z","description":"","comments":0,"user":null,"comments_url":"https://api.github.com/gists/2f993d57baf86aa84256efa3f8869489/comments","owner":{"login":"aryesilmen","id":100726302,"node_id":"U_kgDOBgD2Hg","avatar_url":"https://avatars.githubusercontent.com/u/100726302?v=4","gravatar_id":"","url":"https://api.github.com/users/aryesilmen","html_url":"https://github.com/aryesilmen","followers_url":"https://api.github.com/users/aryesilmen/followers","following_url":"https://api.github.com/users/aryesilmen/following{/other_user}","gists_url":"https://api.github.com/users/aryesilmen/gists{/gist_id}","starred_url":"https://api.github.com/users/aryesilmen/starred{/owner}{/repo}","subscriptions_url":"https://api.github.com/users/aryesilmen/subscriptions","organizations_url":"https://api.github.com/users/aryesilmen/orgs","repos_url":"https://api.github.com/users/aryesilmen/repos","events_url":"https://api.github.com/users/aryesilmen/events{/privacy}","received_events_url":"https://api.github.com/users/aryesilmen/received_events","type":"User","site_admin":false},"truncated":false},{"url":"https://api.github.com/gists/a0e036ee41f80d45fa93462492a2a261","forks_url":"https://api.github.com/gists/a0e036ee41f80d45fa93462492a2a261/forks","commits_url":"https://api.github.com/gists/a0e036ee41f80d45fa93462492a2a261/commits","id":"a0e036ee41f80d45fa93462492a2a261","node_id":"G_kwDOAMK0LNoAIGEwZTAzNmVlNDFmODBkNDVmYTkzNDYyNDkyYTJhMjYx","git_pull_url":"https://gist.github.com/a0e036ee41f80d45fa93462492a2a261.git","git_push_url":"https://gist.github.com/a0e036ee41f80d45fa93462492a2a261.git","html_url":"https://gist.github.com/a0e036ee41f80d45fa93462492a2a261","files":{"README.md":{"filename":"README.md","type":"text/markdown","language":"Markdown","raw_url":"https://gist.githubusercontent.com/HPCCSmoketest/a0e036ee41f80d45fa93462492a2a261/raw/980fd884c53007c5d73b781fc420dbdcc5e6be5c/README.md","size":624},"core_hthor.24421.trace":{"filename":"core_hthor.24421.trace","type":"text/plain","language":null,"raw_url":"https://gist.githubusercontent.com/HPCCSmoketest/a0e036ee41f80d45fa93462492a2a261/raw/f3ed28577c4206700074bc8c598a23cb0eb48278/core_hthor.24421.trace","size":4336},"prefetch4-W20220713-191956-1.log":{"filename":"prefetch4-W20220713-191956-1.log","type":"text/plain","language":null,"raw_url":"https://gist.githubusercontent.com/HPCCSmoketest/a0e036ee41f80d45fa93462492a2a261/raw/f531b465f51d9a6408da89240da70e6eefe949a3/prefetch4-W20220713-191956-1.log","size":1934},"prefetch4-ZAPReport_W20220713-191956-1_regress.zip":{"filename":"prefetch4-ZAPReport_W20220713-191956-1_regress.zip","type":"application/zip","language":null,"raw_url":"https://gist.githubusercontent.com/HPCCSmoketest/a0e036ee41f80d45fa93462492a2a261/raw/1c01d94118438ddd36aedd20bc7efe526e2e3d85/prefetch4-ZAPReport_W20220713-191956-1_regress.zip","size":244116}},"public":true,"created_at":"2022-07-13T19:42:24Z","updated_at":"2022-07-13T19:42:25Z","description":"PR-16343","comments":0,"user":null,"comments_url":"https://api.github.com/gists/a0e036ee41f80d45fa93462492a2a261/comments","owner":{"login":"HPCCSmoketest","id":12760108,"node_id":"MDQ6VXNlcjEyNzYwMTA4","avatar_url":"https://avatars.githubusercontent.com/u/12760108?v=4","gravatar_id":"","url":"https://api.github.com/users/HPCCSmoketest","html_url":"https://github.com/HPCCSmoketest","followers_url":"https://api.github.com/users/HPCCSmoketest/followers","following_url":"https://api.github.com/users/HPCCSmoketest/following{/other_user}","gists_url":"https://api.github.com/users/HPCCSmoketest/gists{/gist_id}","starred_url":"https://api.github.com/users/HPCCSmoketest/starred{/owner}{/repo}","subscriptions_url":"https://api.github.com/users/HPCCSmoketest/subscriptions","organizations_url":"https://api.github.com/users/HPCCSmoketest/orgs","repos_url":"https://api.github.com/users/HPCCSmoketest/repos","events_url":"https://api.github.com/users/HPCCSmoketest/events{/privacy}","received_events_url":"https://api.github.com/users/HPCCSmoketest/received_events","type":"User","site_admin":false},"truncated":false},{"url":"https://api.github.com/gists/1e1bb547ea52274124160d88163eab14","forks_url":"https://api.github.com/gists/1e1bb547ea52274124160d88163eab14/forks","commits_url":"https://api.github.com/gists/1e1bb547ea52274124160d88163eab14/commits","id":"1e1bb547ea52274124160d88163eab14","node_id":"G_kwDOAMzZS9oAIDFlMWJiNTQ3ZWE1MjI3NDEyNDE2MGQ4ODE2M2VhYjE0","git_pull_url":"https://gist.github.com/1e1bb547ea52274124160d88163eab14.git","git_push_url":"https://gist.github.com/1e1bb547ea52274124160d88163eab14.git","html_url":"https://gist.github.com/1e1bb547ea52274124160d88163eab14","files":{"copilot.js":{"filename":"copilot.js","type":"application/javascript","language":"JavaScript","raw_url":"https://gist.githubusercontent.com/IsaacTrevino/1e1bb547ea52274124160d88163eab14/raw/667c9fd508fd6ebde294b52e253ecd57b3e2b21d/copilot.js","size":1861}},"public":true,"created_at":"2022-07-13T19:42:23Z","updated_at":"2022-07-13T19:42:23Z","description":"copilot example","comments":0,"user":null,"comments_url":"https://api.github.com/gists/1e1bb547ea52274124160d88163eab14/comments","owner":{"login":"IsaacTrevino","id":13424971,"node_id":"MDQ6VXNlcjEzNDI0OTcx","avatar_url":"https://avatars.githubusercontent.com/u/13424971?v=4","gravatar_id":"","url":"https://api.github.com/users/IsaacTrevino","html_url":"https://github.com/IsaacTrevino","followers_url":"https://api.github.com/users/IsaacTrevino/followers","following_url":"https://api.github.com/users/IsaacTrevino/following{/other_user}","gists_url":"https://api.github.com/users/IsaacTrevino/gists{/gist_id}","starred_url":"https://api.github.com/users/IsaacTrevino/starred{/owner}{/repo}","subscriptions_url":"https://api.github.com/users/IsaacTrevino/subscriptions","organizations_url":"https://api.github.com/users/IsaacTrevino/orgs","repos_url":"https://api.github.com/users/IsaacTrevino/repos","events_url":"https://api.github.com/users/IsaacTrevino/events{/privacy}","received_events_url":"https://api.github.com/users/IsaacTrevino/received_events","type":"User","site_admin":false},"truncated":false},{"url":"https://api.github.com/gists/12f047a18738191aaa06e2b1342c3a64","forks_url":"https://api.github.com/gists/12f047a18738191aaa06e2b1342c3a64/forks","commits_url":"https://api.github.com/gists/12f047a18738191aaa06e2b1342c3a64/commits","id":"12f047a18738191aaa06e2b1342c3a64","node_id":"G_kwDOAM_NKNoAIDEyZjA0N2ExODczODE5MWFhYTA2ZTJiMTM0MmMzYTY0","git_pull_url":"https://gist.github.com/12f047a18738191aaa06e2b1342c3a64.git","git_push_url":"https://gist.github.com/12f047a18738191aaa06e2b1342c3a64.git","html_url":"https://gist.github.com/12f047a18738191aaa06e2b1342c3a64","files":{"dia7_hws.swift":{"filename":"dia7_hws.swift","type":"text/plain","language":"Swift","raw_url":"https://gist.githubusercontent.com/mateuspestana/12f047a18738191aaa06e2b1342c3a64/raw/aef634dcc1c5c776819913cb84969370387c9a81/dia7_hws.swift","size":5043}},"public":true,"created_at":"2022-07-13T19:41:43Z","updated_at":"2022-07-13T19:41:43Z","description":"","comments":0,"user":null,"comments_url":"https://api.github.com/gists/12f047a18738191aaa06e2b1342c3a64/comments","owner":{"login":"mateuspestana","id":13618472,"node_id":"MDQ6VXNlcjEzNjE4NDcy","avatar_url":"https://avatars.githubusercontent.com/u/13618472?v=4","gravatar_id":"","url":"https://api.github.com/users/mateuspestana","html_url":"https://github.com/mateuspestana","followers_url":"https://api.github.com/users/mateuspestana/followers","following_url":"https://api.github.com/users/mateuspestana/following{/other_user}","gists_url":"https://api.github.com/users/mateuspestana/gists{/gist_id}","starred_url":"https://api.github.com/users/mateuspestana/starred{/owner}{/repo}","subscriptions_url":"https://api.github.com/users/mateuspestana/subscriptions","organizations_url":"https://api.github.com/users/mateuspestana/orgs","repos_url":"https://api.github.com/users/mateuspestana/repos","events_url":"https://api.github.com/users/mateuspestana/events{/privacy}","received_events_url":"https://api.github.com/users/mateuspestana/received_events","type":"User","site_admin":false},"truncated":false},{"url":"https://api.github.com/gists/79a28aa4973c813621a697766ff06b33","forks_url":"https://api.github.com/gists/79a28aa4973c813621a697766ff06b33/forks","commits_url":"https://api.github.com/gists/79a28aa4973c813621a697766ff06b33/commits","id":"79a28aa4973c813621a697766ff06b33","node_id":"G_kwDOBHYy3NoAIDc5YTI4YWE0OTczYzgxMzYyMWE2OTc3NjZmZjA2YjMz","git_pull_url":"https://gist.github.com/79a28aa4973c813621a697766ff06b33.git","git_push_url":"https://gist.github.com/79a28aa4973c813621a697766ff06b33.git","html_url":"https://gist.github.com/79a28aa4973c813621a697766ff06b33","files":{"Slick-Slider -- js file":{"filename":"Slick-Slider -- js file","type":"text/plain","language":null,"raw_url":"https://gist.githubusercontent.com/adrbo/79a28aa4973c813621a697766ff06b33/raw/4ff5ebdde730cbb5fa6b6c53aabc45af594755bb/Slick-Slider%20--%20js%20file","size":5074}},"public":true,"created_at":"2022-07-13T19:41:40Z","updated_at":"2022-07-13T19:41:40Z","description":"Slick-Slider -- js file","comments":0,"user":null,"comments_url":"https://api.github.com/gists/79a28aa4973c813621a697766ff06b33/comments","owner":{"login":"adrbo","id":74855132,"node_id":"MDQ6VXNlcjc0ODU1MTMy","avatar_url":"https://avatars.githubusercontent.com/u/74855132?v=4","gravatar_id":"","url":"https://api.github.com/users/adrbo","html_url":"https://github.com/adrbo","followers_url":"https://api.github.com/users/adrbo/followers","following_url":"https://api.github.com/users/adrbo/following{/other_user}","gists_url":"https://api.github.com/users/adrbo/gists{/gist_id}","starred_url":"https://api.github.com/users/adrbo/starred{/owner}{/repo}","subscriptions_url":"https://api.github.com/users/adrbo/subscriptions","organizations_url":"https://api.github.com/users/adrbo/orgs","repos_url":"https://api.github.com/users/adrbo/repos","events_url":"https://api.github.com/users/adrbo/events{/privacy}","received_events_url":"https://api.github.com/users/adrbo/received_events","type":"User","site_admin":false},"truncated":false},{"url":"https://api.github.com/gists/5b3bacd60b509bd252c5dc7ba6e56a1b","forks_url":"https://api.github.com/gists/5b3bacd60b509bd252c5dc7ba6e56a1b/forks","commits_url":"https://api.github.com/gists/5b3bacd60b509bd252c5dc7ba6e56a1b/commits","id":"5b3bacd60b509bd252c5dc7ba6e56a1b","node_id":"G_kwDOBSnMftoAIDViM2JhY2Q2MGI1MDliZDI1MmM1ZGM3YmE2ZTU2YTFi","git_pull_url":"https://gist.github.com/5b3bacd60b509bd252c5dc7ba6e56a1b.git","git_push_url":"https://gist.github.com/5b3bacd60b509bd252c5dc7ba6e56a1b.git","html_url":"https://gist.github.com/5b3bacd60b509bd252c5dc7ba6e56a1b","files":{"tra.diff":{"filename":"tra.diff","type":"text/plain","language":"Diff","raw_url":"https://gist.githubusercontent.com/ljaime-etsy/5b3bacd60b509bd252c5dc7ba6e56a1b/raw/3bfce8792ec333200c4f8041d9f3beefffd284de/tra.diff","size":1512}},"public":true,"created_at":"2022-07-13T19:41:07Z","updated_at":"2022-07-13T19:41:07Z","description":null,"comments":0,"user":null,"comments_url":"https://api.github.com/gists/5b3bacd60b509bd252c5dc7ba6e56a1b/comments","owner":{"login":"ljaime-etsy","id":86625406,"node_id":"MDQ6VXNlcjg2NjI1NDA2","avatar_url":"https://avatars.githubusercontent.com/u/86625406?v=4","gravatar_id":"","url":"https://api.github.com/users/ljaime-etsy","html_url":"https://github.com/ljaime-etsy","followers_url":"https://api.github.com/users/ljaime-etsy/followers","following_url":"https://api.github.com/users/ljaime-etsy/following{/other_user}","gists_url":"https://api.github.com/users/ljaime-etsy/gists{/gist_id}","starred_url":"https://api.github.com/users/ljaime-etsy/starred{/owner}{/repo}","subscriptions_url":"https://api.github.com/users/ljaime-etsy/subscriptions","organizations_url":"https://api.github.com/users/ljaime-etsy/orgs","repos_url":"https://api.github.com/users/ljaime-etsy/repos","events_url":"https://api.github.com/users/ljaime-etsy/events{/privacy}","received_events_url":"https://api.github.com/users/ljaime-etsy/received_events","type":"User","site_admin":false},"truncated":false},{"url":"https://api.github.com/gists/912d3412a08bc2b53ddf47840d63b89c","forks_url":"https://api.github.com/gists/912d3412a08bc2b53ddf47840d63b89c/forks","commits_url":"https://api.github.com/gists/912d3412a08bc2b53ddf47840d63b89c/commits","id":"912d3412a08bc2b53ddf47840d63b89c","node_id":"G_kwDOAB-VGNoAIDkxMmQzNDEyYTA4YmMyYjUzZGRmNDc4NDBkNjNiODlj","git_pull_url":"https://gist.github.com/912d3412a08bc2b53ddf47840d63b89c.git","git_push_url":"https://gist.github.com/912d3412a08bc2b53ddf47840d63b89c.git","html_url":"https://gist.github.com/912d3412a08bc2b53ddf47840d63b89c","files":{"metadata.json":{"filename":"metadata.json","type":"application/json","language":"JSON","raw_url":"https://gist.githubusercontent.com/ariady-putra/912d3412a08bc2b53ddf47840d63b89c/raw/9ec4ccb0bc8adf26340bf3e20127c5722d6837a0/metadata.json","size":194},"playground.marlowe":{"filename":"playground.marlowe","type":"text/plain","language":null,"raw_url":"https://gist.githubusercontent.com/ariady-putra/912d3412a08bc2b53ddf47840d63b89c/raw/67e665330572209498cd06ed68426cc824b16f0b/playground.marlowe","size":843},"playground.marlowe.json":{"filename":"playground.marlowe.json","type":"application/json","language":"JSON","raw_url":"https://gist.githubusercontent.com/ariady-putra/912d3412a08bc2b53ddf47840d63b89c/raw/9e26dfeeb6e641a33dae4961196235bdb965b21b/playground.marlowe.json","size":2}},"public":true,"created_at":"2022-07-13T19:40:55Z","updated_at":"2022-07-13T19:40:55Z","description":"IfThenElse Project","comments":0,"user":null,"comments_url":"https://api.github.com/gists/912d3412a08bc2b53ddf47840d63b89c/comments","owner":{"login":"ariady-putra","id":2069784,"node_id":"MDQ6VXNlcjIwNjk3ODQ=","avatar_url":"https://avatars.githubusercontent.com/u/2069784?v=4","gravatar_id":"","url":"https://api.github.com/users/ariady-putra","html_url":"https://github.com/ariady-putra","followers_url":"https://api.github.com/users/ariady-putra/followers","following_url":"https://api.github.com/users/ariady-putra/following{/other_user}","gists_url":"https://api.github.com/users/ariady-putra/gists{/gist_id}","starred_url":"https://api.github.com/users/ariady-putra/starred{/owner}{/repo}","subscriptions_url":"https://api.github.com/users/ariady-putra/subscriptions","organizations_url":"https://api.github.com/users/ariady-putra/orgs","repos_url":"https://api.github.com/users/ariady-putra/repos","events_url":"https://api.github.com/users/ariady-putra/events{/privacy}","received_events_url":"https://api.github.com/users/ariady-putra/received_events","type":"User","site_admin":false},"truncated":false},{"url":"https://api.github.com/gists/a8616b11db03aef411531769dc35b649","forks_url":"https://api.github.com/gists/a8616b11db03aef411531769dc35b649/forks","commits_url":"https://api.github.com/gists/a8616b11db03aef411531769dc35b649/commits","id":"a8616b11db03aef411531769dc35b649","node_id":"G_kwDOABYkT9oAIGE4NjE2YjExZGIwM2FlZjQxMTUzMTc2OWRjMzViNjQ5","git_pull_url":"https://gist.github.com/a8616b11db03aef411531769dc35b649.git","git_push_url":"https://gist.github.com/a8616b11db03aef411531769dc35b649.git","html_url":"https://gist.github.com/a8616b11db03aef411531769dc35b649","files":{"index.html":{"filename":"index.html","type":"text/html","language":"HTML","raw_url":"https://gist.githubusercontent.com/pagelab/a8616b11db03aef411531769dc35b649/raw/89a3013d260894b029dfac2a7ce14e1d53dfbb32/index.html","size":6833}},"public":true,"created_at":"2022-07-13T19:40:26Z","updated_at":"2022-07-13T19:40:26Z","description":"Example of block pattern created with the Editor Plus plugin","comments":0,"user":null,"comments_url":"https://api.github.com/gists/a8616b11db03aef411531769dc35b649/comments","owner":{"login":"pagelab","id":1451087,"node_id":"MDQ6VXNlcjE0NTEwODc=","avatar_url":"https://avatars.githubusercontent.com/u/1451087?v=4","gravatar_id":"","url":"https://api.github.com/users/pagelab","html_url":"https://github.com/pagelab","followers_url":"https://api.github.com/users/pagelab/followers","following_url":"https://api.github.com/users/pagelab/following{/other_user}","gists_url":"https://api.github.com/users/pagelab/gists{/gist_id}","starred_url":"https://api.github.com/users/pagelab/starred{/owner}{/repo}","subscriptions_url":"https://api.github.com/users/pagelab/subscriptions","organizations_url":"https://api.github.com/users/pagelab/orgs","repos_url":"https://api.github.com/users/pagelab/repos","events_url":"https://api.github.com/users/pagelab/events{/privacy}","received_events_url":"https://api.github.com/users/pagelab/received_events","type":"User","site_admin":false},"truncated":false},{"url":"https://api.github.com/gists/48668bda9efb8ce36e13c25e174f2eca","forks_url":"https://api.github.com/gists/48668bda9efb8ce36e13c25e174f2eca/forks","commits_url":"https://api.github.com/gists/48668bda9efb8ce36e13c25e174f2eca/commits","id":"48668bda9efb8ce36e13c25e174f2eca","node_id":"G_kwDOBSnMftoAIDQ4NjY4YmRhOWVmYjhjZTM2ZTEzYzI1ZTE3NGYyZWNh","git_pull_url":"https://gist.github.com/48668bda9efb8ce36e13c25e174f2eca.git","git_push_url":"https://gist.github.com/48668bda9efb8ce36e13c25e174f2eca.git","html_url":"https://gist.github.com/48668bda9efb8ce36e13c25e174f2eca","files":{"tra.diff":{"filename":"tra.diff","type":"text/plain","language":"Diff","raw_url":"https://gist.githubusercontent.com/ljaime-etsy/48668bda9efb8ce36e13c25e174f2eca/raw/7d8b3155e8975c83af5ffa8d55e81275a052d52a/tra.diff","size":1515}},"public":true,"created_at":"2022-07-13T19:40:17Z","updated_at":"2022-07-13T19:40:18Z","description":null,"comments":0,"user":null,"comments_url":"https://api.github.com/gists/48668bda9efb8ce36e13c25e174f2eca/comments","owner":{"login":"ljaime-etsy","id":86625406,"node_id":"MDQ6VXNlcjg2NjI1NDA2","avatar_url":"https://avatars.githubusercontent.com/u/86625406?v=4","gravatar_id":"","url":"https://api.github.com/users/ljaime-etsy","html_url":"https://github.com/ljaime-etsy","followers_url":"https://api.github.com/users/ljaime-etsy/followers","following_url":"https://api.github.com/users/ljaime-etsy/following{/other_user}","gists_url":"https://api.github.com/users/ljaime-etsy/gists{/gist_id}","starred_url":"https://api.github.com/users/ljaime-etsy/starred{/owner}{/repo}","subscriptions_url":"https://api.github.com/users/ljaime-etsy/subscriptions","organizations_url":"https://api.github.com/users/ljaime-etsy/orgs","repos_url":"https://api.github.com/users/ljaime-etsy/repos","events_url":"https://api.github.com/users/ljaime-etsy/events{/privacy}","received_events_url":"https://api.github.com/users/ljaime-etsy/received_events","type":"User","site_admin":false},"truncated":false},{"url":"https://api.github.com/gists/bee13d5125cc4df689866362ca635354","forks_url":"https://api.github.com/gists/bee13d5125cc4df689866362ca635354/forks","commits_url":"https://api.github.com/gists/bee13d5125cc4df689866362ca635354/commits","id":"bee13d5125cc4df689866362ca635354","node_id":"G_kwDOAc3oAtoAIGJlZTEzZDUxMjVjYzRkZjY4OTg2NjM2MmNhNjM1MzU0","git_pull_url":"https://gist.github.com/bee13d5125cc4df689866362ca635354.git","git_push_url":"https://gist.github.com/bee13d5125cc4df689866362ca635354.git","html_url":"https://gist.github.com/bee13d5125cc4df689866362ca635354","files":{"UTKFace_configcompile.py":{"filename":"UTKFace_configcompile.py","type":"application/x-python","language":"Python","raw_url":"https://gist.githubusercontent.com/isotnek/bee13d5125cc4df689866362ca635354/raw/b6ae128e213fb57af0ec67b8d0e64fe94361bcc0/UTKFace_configcompile.py","size":248}},"public":true,"created_at":"2022-07-13T19:40:07Z","updated_at":"2022-07-13T19:40:08Z","description":"","comments":0,"user":null,"comments_url":"https://api.github.com/gists/bee13d5125cc4df689866362ca635354/comments","owner":{"login":"isotnek","id":30271490,"node_id":"MDQ6VXNlcjMwMjcxNDkw","avatar_url":"https://avatars.githubusercontent.com/u/30271490?v=4","gravatar_id":"","url":"https://api.github.com/users/isotnek","html_url":"https://github.com/isotnek","followers_url":"https://api.github.com/users/isotnek/followers","following_url":"https://api.github.com/users/isotnek/following{/other_user}","gists_url":"https://api.github.com/users/isotnek/gists{/gist_id}","starred_url":"https://api.github.com/users/isotnek/starred{/owner}{/repo}","subscriptions_url":"https://api.github.com/users/isotnek/subscriptions","organizations_url":"https://api.github.com/users/isotnek/orgs","repos_url":"https://api.github.com/users/isotnek/repos","events_url":"https://api.github.com/users/isotnek/events{/privacy}","received_events_url":"https://api.github.com/users/isotnek/received_events","type":"User","site_admin":false},"truncated":false},{"url":"https://api.github.com/gists/97cd694e09f45f23d95ad01a8af70f36","forks_url":"https://api.github.com/gists/97cd694e09f45f23d95ad01a8af70f36/forks","commits_url":"https://api.github.com/gists/97cd694e09f45f23d95ad01a8af70f36/commits","id":"97cd694e09f45f23d95ad01a8af70f36","node_id":"G_kwDNBFfaACA5N2NkNjk0ZTA5ZjQ1ZjIzZDk1YWQwMWE4YWY3MGYzNg","git_pull_url":"https://gist.github.com/97cd694e09f45f23d95ad01a8af70f36.git","git_push_url":"https://gist.github.com/97cd694e09f45f23d95ad01a8af70f36.git","html_url":"https://gist.github.com/97cd694e09f45f23d95ad01a8af70f36","files":{".cirrus.yml":{"filename":".cirrus.yml","type":"text/x-yaml","language":"YAML","raw_url":"https://gist.githubusercontent.com/patmaddox/97cd694e09f45f23d95ad01a8af70f36/raw/14fe699756a160677f8329eeb820845fd407e910/.cirrus.yml","size":157}},"public":true,"created_at":"2022-07-13T19:39:57Z","updated_at":"2022-07-13T19:39:57Z","description":"","comments":0,"user":null,"comments_url":"https://api.github.com/gists/97cd694e09f45f23d95ad01a8af70f36/comments","owner":{"login":"patmaddox","id":1111,"node_id":"MDQ6VXNlcjExMTE=","avatar_url":"https://avatars.githubusercontent.com/u/1111?v=4","gravatar_id":"","url":"https://api.github.com/users/patmaddox","html_url":"https://github.com/patmaddox","followers_url":"https://api.github.com/users/patmaddox/followers","following_url":"https://api.github.com/users/patmaddox/following{/other_user}","gists_url":"https://api.github.com/users/patmaddox/gists{/gist_id}","starred_url":"https://api.github.com/users/patmaddox/starred{/owner}{/repo}","subscriptions_url":"https://api.github.com/users/patmaddox/subscriptions","organizations_url":"https://api.github.com/users/patmaddox/orgs","repos_url":"https://api.github.com/users/patmaddox/repos","events_url":"https://api.github.com/users/patmaddox/events{/privacy}","received_events_url":"https://api.github.com/users/patmaddox/received_events","type":"User","site_admin":false},"truncated":false}]
]]></system-out>
    <system-err><![CDATA[SLF4J: Failed to load class "org.slf4j.impl.StaticLoggerBinder".
SLF4J: Defaulting to no-operation (NOP) logger implementation
SLF4J: See http://www.slf4j.org/codes.html#StaticLoggerBinder for further details.
]]></system-err>
  </testcase>
  <testcase name="getGistListForSpecificUser" classname="myTest" time="0.231">
    <system-out><![CDATA[[]
]]></system-out>
  </testcase>
  <testcase name="createNewGist" classname="myTest" time="1.122"/>
  <testcase name="updateGist" classname="myTest" time="0.536">
    <system-out><![CDATA[null
]]></system-out>
  </testcase>
  <testcase name="deleteGist" classname="myTest" time="0.402"/>
  <testcase name="checkGistIsDeleted" classname="myTest" time="0.216"/>
  <testcase name="starAPublicGist" classname="myTest" time="0.325"/>
  <testcase name="unstarAPublicGist" classname="myTest" time="0.337"/>
  <testcase name="listStarredGists" classname="myTest" time="0.219">
    <system-out><![CDATA[[]
]]></system-out>
  </testcase>
</testsuite>